<?xml version="1.0" encoding="UTF-8" ?>
<testsuite failures="0" time="13.014" errors="0" skipped="0" tests="68" name="TestSuite">
  <properties>
[...]
</properties>
  <testcase time="0.019" classname="edu.upenn.cis.ppod.FactorySetup" name="succeed"/>
  <testcase time="0.038" classname="edu.upenn.cis.ppod.model.MolecularSequenceTest" name="setInNeedOfNewPPodVersion"/>
  <testcase time="0.001" classname="edu.upenn.cis.ppod.model.MolecularSequenceTest" name="setName"/>
  <testcase time="0.001" classname="edu.upenn.cis.ppod.model.MolecularSequenceTest" name="setSequence"/>
  <testcase time="0" classname="edu.upenn.cis.ppod.model.MolecularSequenceTest" name="setSequenceWithAnIllegalCharacter"/>
  <testcase time="0" classname="edu.upenn.cis.ppod.model.OTUsToMolecularSequencesTest" name="putHelperTest"/>
  <testcase time="0" classname="edu.upenn.cis.ppod.model.OTUsToMolecularSequencesTest" name="putHelperTestReplaceASequence"/>
  <testcase time="0" classname="edu.upenn.cis.ppod.model.CharacterStateCellTest" name="afterUnmarshal"/>
  <testcase time="0.002" classname="edu.upenn.cis.ppod.model.CharacterStateCellTest" name="beforeMarshal"/>
  <testcase time="0" classname="edu.upenn.cis.ppod.model.CharacterStateCellTest" name="beforeMarshalBeforeTypeHasBeenSet"/>
  <testcase time="0" classname="edu.upenn.cis.ppod.model.CharacterStateCellTest" name="getStatesWhenCellHasMultipleStates"/>
  <testcase time="0" classname="edu.upenn.cis.ppod.model.CharacterStateCellTest" name="getStatesWhenCellHasOneState"/>
  <testcase time="0" classname="edu.upenn.cis.ppod.model.CharacterStateCellTest" name="setStatesForACellThatDoesNotBelongToARow"/>
  <testcase time="0" classname="edu.upenn.cis.ppod.model.CharacterStateCellTest" name="setTypeAndStatesFromPolymorhpicToInapplicable"/>
  <testcase time="0.001" classname="edu.upenn.cis.ppod.model.CharacterStateCellTest" name="setTypeAndStatesFromSingleToInapplicable"/>
  <testcase time="0" classname="edu.upenn.cis.ppod.model.CharacterStateCellTest" name="setTypeAndStatesInapplicable"/>
  <testcase time="0" classname="edu.upenn.cis.ppod.model.CharacterStateCellTest" name="setTypeAndStatesPolymorphic"/>
  <testcase time="0.007" classname="edu.upenn.cis.ppod.model.CharacterStateCellTest" name="setTypeAndStatesPolymorphicTooFewStates"/>
  <testcase time="0" classname="edu.upenn.cis.ppod.model.CharacterStateCellTest" name="setTypeAndStatesSingle"/>
  <testcase time="0.001" classname="edu.upenn.cis.ppod.model.CharacterStateCellTest" name="setTypeAndStatesUnassigned"/>
  <testcase time="0.001" classname="edu.upenn.cis.ppod.model.CharacterStateCellTest" name="setTypeAndStatesUncertainTooFewStates"/>
  <testcase time="0" classname="edu.upenn.cis.ppod.model.CharacterStateCellTest" name="setUncertainStates"/>
  <testcase time="0" classname="edu.upenn.cis.ppod.model.CharacterStateMatrixTest" name="beforeMarshal"/>
  <testcase time="0.012" classname="edu.upenn.cis.ppod.model.CharacterStateMatrixTest" name="moveCharacter"/>
  <testcase time="0" classname="edu.upenn.cis.ppod.model.CharacterStateMatrixTest" name="replaceCharacters"/>
  <testcase time="0" classname="edu.upenn.cis.ppod.model.CharacterStateMatrixTest" name="replaceRow"/>
  <testcase time="0.001" classname="edu.upenn.cis.ppod.model.CharacterStateMatrixTest" name="setCharacters"/>
  <testcase time="0" classname="edu.upenn.cis.ppod.model.CharacterStateMatrixTest" name="setCharactersW2EqualsCharacters"/>
  <testcase time="0" classname="edu.upenn.cis.ppod.model.CharacterStateMatrixTest" name="setCharactersWithEqualsCharacters"/>
  <testcase time="0" classname="edu.upenn.cis.ppod.model.CharacterStateMatrixTest" name="setColumnPPodVersionInfos"/>
  <testcase time="0" classname="edu.upenn.cis.ppod.model.CharacterStateMatrixTest" name="setDescription"/>
  <testcase time="0.004" classname="edu.upenn.cis.ppod.model.CharacterStateMatrixTest" name="setOTUsWReorderedOTUs"/>
  <testcase time="0.001" classname="edu.upenn.cis.ppod.model.CharacterStateMatrixTest" name="setOTUsWSameOTUs"/>
  <testcase time="0" classname="edu.upenn.cis.ppod.model.CharacterStateMatrixTest" name="setOTUsWithLessOTUs"/>
  <testcase time="0" classname="edu.upenn.cis.ppod.model.CharacterStateMatrixTest" name="setWithSameRow"/>
  <testcase time="0" classname="edu.upenn.cis.ppod.model.CharacterStateRowTest" name="addCellToMatrixThatHasNoCharacters"/>
  <testcase time="0.001" classname="edu.upenn.cis.ppod.model.CharacterStateRowTest" name="addCellToMatrixWOneCharacter"/>
  <testcase time="0" classname="edu.upenn.cis.ppod.model.CharacterStateRowTest" name="addCellToMatrixWTooFewCharacters"/>
  <testcase time="0" classname="edu.upenn.cis.ppod.model.CharacterStateRowTest" name="addCellToRowThatsNotInAMatrix"/>
  <testcase time="0.002" classname="edu.upenn.cis.ppod.model.DNAStateTest" name="of"/>
  <testcase time="0" classname="edu.upenn.cis.ppod.model.DNAStateTest" name="ofIllegalArg"/>
  <testcase time="0.006" classname="edu.upenn.cis.ppod.model.MolecularStateMatrixTest" name="setCharacters"/>
  <testcase time="0" classname="edu.upenn.cis.ppod.model.OTUSetTest" name="addOTU"/>
  <testcase time="0" classname="edu.upenn.cis.ppod.model.OTUSetTest" name="addOTUWAlreadyContainedOTU"/>
  <testcase time="0.001" classname="edu.upenn.cis.ppod.model.OTUSetTest" name="addOTUWDuplicateLabel"/>
  <testcase time="0.001" classname="edu.upenn.cis.ppod.model.OTUSetTest" name="clearOTUs"/>
  <testcase time="0.002" classname="edu.upenn.cis.ppod.model.OTUSetTest" name="removeMatrix"/>
  <testcase time="0" classname="edu.upenn.cis.ppod.model.OTUSetTest" name="removeOTU"/>
  <testcase time="0.001" classname="edu.upenn.cis.ppod.model.OTUSetTest" name="removeTreeSet"/>
  <testcase time="0" classname="edu.upenn.cis.ppod.model.OTUSetTest" name="resetWhenNotInNeedOfNewPPodVersionInfo"/>
  <testcase time="0" classname="edu.upenn.cis.ppod.model.OTUSetTest" name="setDNASequenceSets"/>
  <testcase time="0" classname="edu.upenn.cis.ppod.model.OTUSetTest" name="setDescription"/>
  <testcase time="0" classname="edu.upenn.cis.ppod.model.OTUSetTest" name="setTreeSets"/>
  <testcase time="0" classname="edu.upenn.cis.ppod.model.PPodEntityTest" name="addAttachment"/>
  <testcase time="0" classname="edu.upenn.cis.ppod.model.PPodEntityTest" name="beforeMarahal"/>
  <testcase time="0.001" classname="edu.upenn.cis.ppod.model.PPodEntityTest" name="getMarshalled"/>
  <testcase time="0" classname="edu.upenn.cis.ppod.model.PPodEntityTest" name="removeAttachment"/>
  <testcase time="0.763" classname="edu.upenn.cis.ppod.saveorupdate.SaveOrUpdateCharacterStateMatrixTest" name="deleteCharacter"/>
  <testcase time="0" classname="edu.upenn.cis.ppod.saveorupdate.SaveOrUpdateCharacterStateMatrixTest" name="deleteCharacter"/>
  <testcase time="0.702" classname="edu.upenn.cis.ppod.saveorupdate.SaveOrUpdateCharacterStateMatrixTest" name="moveCharacters"/>
  <testcase time="0" classname="edu.upenn.cis.ppod.saveorupdate.SaveOrUpdateCharacterStateMatrixTest" name="moveCharacters"/>
  <testcase time="0.39" classname="edu.upenn.cis.ppod.saveorupdate.SaveOrUpdateCharacterStateMatrixTest" name="moveRows"/>
  <testcase time="1.107" classname="edu.upenn.cis.ppod.saveorupdate.SaveOrUpdateCharacterStateMatrixTest" name="moveRows"/>
  <testcase time="0.318" classname="edu.upenn.cis.ppod.saveorupdate.SaveOrUpdateCharacterStateMatrixTest" name="save"/>
  <testcase time="0.749" classname="edu.upenn.cis.ppod.saveorupdate.SaveOrUpdateCharacterStateMatrixTest" name="save"/>
  <testcase time="0" classname="edu.upenn.cis.ppod.model.DNASequenceTest" name="testIsLegal"/>
  <testcase time="0" classname="edu.upenn.cis.ppod.model.DNASequenceTest" name="testIsLegalShouldReturnFalse"/>
  <testcase time="0.022" classname="edu.upenn.cis.ppod.saveorupdate.MergeAttachmentTest" name="mergeOnBlankTarget"/>
</testsuite>