<?xml version="1.0" encoding="UTF-8"?>
<testsuite name="fast(failed)" failures="1" tests="2" time="3.446" errors="0">
  <properties/>
  <testcase name="deleteCharacter" time="0.0050" classname="edu.upenn.cis.ppod.saveorupdate.SaveOrUpdateCharacterStateMatrixTest">
    <failure type="java.lang.NullPointerException">
      <![CDATA[java.lang.NullPointerException
	at edu.upenn.cis.ppod.saveorupdate.SaveOrUpdateCharacterStateMatrixTest.deleteCharacter(SaveOrUpdateCharacterStateMatrixTest.java:243)
... Removed 22 stack frames]]>
    </failure>
  </testcase>
  <testcase name="deleteCharacter" time="0.017" classname="edu.upenn.cis.ppod.saveorupdate.SaveOrUpdateCharacterStateMatrixTest"/>
</testsuite>
