<?xml version="1.0" encoding="UTF-8"?>
<testsuite name="fast" failures="0" tests="72" time="16.427" errors="0">
  <properties/>
  <testcase name="setInNeedOfNewPPodVersion" time="0.069" classname="edu.upenn.cis.ppod.model.MolecularSequenceTest"/>
  <testcase name="succeed" time="0.0040" classname="edu.upenn.cis.ppod.FactorySetup"/>
  <testcase name="setBytesValue" time="0.0050" classname="edu.upenn.cis.ppod.model.AttachmentTest"/>
  <testcase name="setSequenceWithAnIllegalCharacter" time="0.0040" classname="edu.upenn.cis.ppod.model.MolecularSequenceTest"/>
  <testcase name="setAccession" time="0.021" classname="edu.upenn.cis.ppod.model.MolecularSequenceTest"/>
  <testcase name="setName" time="0.014" classname="edu.upenn.cis.ppod.model.MolecularSequenceTest"/>
  <testcase name="putHelperTest" time="0.0030" classname="edu.upenn.cis.ppod.model.OTUsToMolecularSequencesTest"/>
  <testcase name="putHelperTestReplaceASequence" time="0.0040" classname="edu.upenn.cis.ppod.model.OTUsToMolecularSequencesTest"/>
  <testcase name="setSequence" time="0.0030" classname="edu.upenn.cis.ppod.model.MolecularSequenceTest"/>
  <testcase name="setDescription" time="0.0070" classname="edu.upenn.cis.ppod.model.MolecularSequenceTest"/>
  <testcase name="setOTUsWSameOTUs" time="0.0060" classname="edu.upenn.cis.ppod.model.CharacterStateMatrixTest"/>
  <testcase name="addAttachment" time="0.0080" classname="edu.upenn.cis.ppod.model.PPodEntityTest"/>
  <testcase name="addCellToMatrixWTooFewCharacters" time="0.025" classname="edu.upenn.cis.ppod.model.CharacterStateRowTest"/>
  <testcase name="removeOTU" time="0.0040" classname="edu.upenn.cis.ppod.model.OTUSetTest"/>
  <testcase name="setUncertainStates" time="0.011" classname="edu.upenn.cis.ppod.model.CharacterStateCellTest"/>
  <testcase name="beforeMarshal" time="0.0050" classname="edu.upenn.cis.ppod.model.CharacterStateMatrixTest"/>
  <testcase name="replaceCharacters" time="0.033" classname="edu.upenn.cis.ppod.model.CharacterStateMatrixTest"/>
  <testcase name="setCharactersWithEqualsCharacters" time="0.0020" classname="edu.upenn.cis.ppod.model.CharacterStateMatrixTest"/>
  <testcase name="clearOTUs" time="0.0020" classname="edu.upenn.cis.ppod.model.OTUSetTest"/>
  <testcase name="addOTU" time="0.03" classname="edu.upenn.cis.ppod.model.OTUSetTest"/>
  <testcase name="beforeMarahal" time="0.0040" classname="edu.upenn.cis.ppod.model.PPodEntityTest"/>
  <testcase name="beforeMarshalBeforeTypeHasBeenSet" time="0.0070" classname="edu.upenn.cis.ppod.model.CharacterStateCellTest"/>
  <testcase name="beforeMarshal" time="0.0080" classname="edu.upenn.cis.ppod.model.CharacterStateCellTest"/>
  <testcase name="setOTUsWithLessOTUs" time="0.0080" classname="edu.upenn.cis.ppod.model.CharacterStateMatrixTest"/>
  <testcase name="setTypeAndStatesPolymorphic" time="0.0090" classname="edu.upenn.cis.ppod.model.CharacterStateCellTest"/>
  <testcase name="setCharacters" time="0.016" classname="edu.upenn.cis.ppod.model.MolecularStateMatrixTest"/>
  <testcase name="setTreeSets" time="0.0040" classname="edu.upenn.cis.ppod.model.OTUSetTest"/>
  <testcase name="setColumnPPodVersionInfos" time="0.017" classname="edu.upenn.cis.ppod.model.CharacterStateMatrixTest"/>
  <testcase name="setTypeAndStatesFromPolymorhpicToInapplicable" time="0.0020" classname="edu.upenn.cis.ppod.model.CharacterStateCellTest"/>
  <testcase name="setDNASequenceSets" time="0.01" classname="edu.upenn.cis.ppod.model.OTUSetTest"/>
  <testcase name="addCellToMatrixThatHasNoCharacters" time="0.01" classname="edu.upenn.cis.ppod.model.CharacterStateRowTest"/>
  <testcase name="setBytesValue" time="0.0070" classname="edu.upenn.cis.ppod.model.ChromatogramTest"/>
  <testcase name="getStatesWhenCellHasMultipleStates" time="0.0080" classname="edu.upenn.cis.ppod.model.CharacterStateCellTest"/>
  <testcase name="resetWhenNotInNeedOfNewPPodVersionInfo" time="0.0030" classname="edu.upenn.cis.ppod.model.OTUSetTest"/>
  <testcase name="removeAttachment" time="0.0030" classname="edu.upenn.cis.ppod.model.PPodEntityTest"/>
  <testcase name="addOTUWDuplicateLabel" time="0.014" classname="edu.upenn.cis.ppod.model.OTUSetTest"/>
  <testcase name="setWithSameRow" time="0.0020" classname="edu.upenn.cis.ppod.model.CharacterStateMatrixTest"/>
  <testcase name="moveCharacter" time="0.0040" classname="edu.upenn.cis.ppod.model.CharacterStateMatrixTest"/>
  <testcase name="removeMatrix" time="0.0050" classname="edu.upenn.cis.ppod.model.OTUSetTest"/>
  <testcase name="addOTUWAlreadyContainedOTU" time="0.0040" classname="edu.upenn.cis.ppod.model.OTUSetTest"/>
  <testcase name="addCellToMatrixWOneCharacter" time="0.0030" classname="edu.upenn.cis.ppod.model.CharacterStateRowTest"/>
  <testcase name="of" time="0.0020" classname="edu.upenn.cis.ppod.model.DNAStateTest"/>
  <testcase name="ofIllegalArg" time="0.0020" classname="edu.upenn.cis.ppod.model.DNAStateTest"/>
  <testcase name="setDescription" time="0.0020" classname="edu.upenn.cis.ppod.model.OTUSetTest"/>
  <testcase name="setCharactersW2EqualsCharacters" time="0.0040" classname="edu.upenn.cis.ppod.model.CharacterStateMatrixTest"/>
  <testcase name="setTypeAndStatesSingle" time="0.0050" classname="edu.upenn.cis.ppod.model.CharacterStateCellTest"/>
  <testcase name="setTypeAndStatesInapplicable" time="0.0050" classname="edu.upenn.cis.ppod.model.CharacterStateCellTest"/>
  <testcase name="setTypeAndStatesPolymorphicTooFewStates" time="0.0040" classname="edu.upenn.cis.ppod.model.CharacterStateCellTest"/>
  <testcase name="setTypeAndStatesUnassigned" time="0.0040" classname="edu.upenn.cis.ppod.model.CharacterStateCellTest"/>
  <testcase name="setDescription" time="0.0050" classname="edu.upenn.cis.ppod.model.CharacterStateMatrixTest"/>
  <testcase name="setCharacters" time="0.0020" classname="edu.upenn.cis.ppod.model.CharacterStateMatrixTest"/>
  <testcase name="addCellToRowThatsNotInAMatrix" time="0.0050" classname="edu.upenn.cis.ppod.model.CharacterStateRowTest"/>
  <testcase name="setTypeAndStatesUncertainTooFewStates" time="0.0040" classname="edu.upenn.cis.ppod.model.CharacterStateCellTest"/>
  <testcase name="setOTUsWReorderedOTUs" time="0.014" classname="edu.upenn.cis.ppod.model.CharacterStateMatrixTest"/>
  <testcase name="removeTreeSet" time="0.0020" classname="edu.upenn.cis.ppod.model.OTUSetTest"/>
  <testcase name="getMarshalled" time="0.0050" classname="edu.upenn.cis.ppod.model.PPodEntityTest"/>
  <testcase name="setTypeAndStatesFromSingleToInapplicable" time="0.0050" classname="edu.upenn.cis.ppod.model.CharacterStateCellTest"/>
  <testcase name="afterUnmarshal" time="0.0050" classname="edu.upenn.cis.ppod.model.CharacterStateCellTest"/>
  <testcase name="getStatesWhenCellHasOneState" time="0.0060" classname="edu.upenn.cis.ppod.model.CharacterStateCellTest"/>
  <testcase name="replaceRow" time="0.0040" classname="edu.upenn.cis.ppod.model.CharacterStateMatrixTest"/>
  <testcase name="setStatesForACellThatDoesNotBelongToARow" time="0.0040" classname="edu.upenn.cis.ppod.model.CharacterStateCellTest"/>
  <testcase name="moveCharacters" time="0.864" classname="edu.upenn.cis.ppod.saveorupdate.SaveOrUpdateCharacterStateMatrixTest"/>
  <testcase name="moveCharacters" time="0.0040" classname="edu.upenn.cis.ppod.saveorupdate.SaveOrUpdateCharacterStateMatrixTest"/>
  <testcase name="save" time="1.418" classname="edu.upenn.cis.ppod.saveorupdate.SaveOrUpdateCharacterStateMatrixTest"/>
  <testcase name="save" time="1.112" classname="edu.upenn.cis.ppod.saveorupdate.SaveOrUpdateCharacterStateMatrixTest"/>
  <testcase name="moveRows" time="0.61" classname="edu.upenn.cis.ppod.saveorupdate.SaveOrUpdateCharacterStateMatrixTest"/>
  <testcase name="moveRows" time="0.827" classname="edu.upenn.cis.ppod.saveorupdate.SaveOrUpdateCharacterStateMatrixTest"/>
  <testcase name="deleteCharacter" time="1.634" classname="edu.upenn.cis.ppod.saveorupdate.SaveOrUpdateCharacterStateMatrixTest"/>
  <testcase name="deleteCharacter" time="0.011" classname="edu.upenn.cis.ppod.saveorupdate.SaveOrUpdateCharacterStateMatrixTest"/>
  <testcase name="testIsLegalShouldReturnFalse" time="0.032" classname="edu.upenn.cis.ppod.model.DNASequenceTest"/>
  <testcase name="testIsLegal" time="0.01" classname="edu.upenn.cis.ppod.model.DNASequenceTest"/>
  <testcase name="mergeOnBlankTarget" time="0.023" classname="edu.upenn.cis.ppod.saveorupdate.MergeAttachmentTest"/>
</testsuite>
