<?xml version="1.0" encoding="UTF-8"?>
<testsuite name="fast" failures="1" tests="62" time="10.233" errors="0">
  <properties/>
  <testcase name="succeed" time="0.0040" classname="edu.upenn.cis.ppod.FactorySetup"/>
  <testcase name="setOTUsWSameOTUs" time="0.02" classname="edu.upenn.cis.ppod.model.CharacterStateMatrixTest"/>
  <testcase name="addAttachment" time="0.031" classname="edu.upenn.cis.ppod.model.PPodEntityTest"/>
  <testcase name="addCellToMatrixWTooFewCharacters" time="0.0020" classname="edu.upenn.cis.ppod.model.CharacterStateRowTest"/>
  <testcase name="removeOTU" time="0.0030" classname="edu.upenn.cis.ppod.model.OTUSetTest"/>
  <testcase name="beforeMarshal" time="0.014" classname="edu.upenn.cis.ppod.model.CharacterStateMatrixTest"/>
  <testcase name="setUncertainStates" time="0.015" classname="edu.upenn.cis.ppod.model.CharacterStateCellTest"/>
  <testcase name="replaceCharacters" time="0.0050" classname="edu.upenn.cis.ppod.model.CharacterStateMatrixTest"/>
  <testcase name="setCharactersWithEqualsCharacters" time="0.015" classname="edu.upenn.cis.ppod.model.CharacterStateMatrixTest"/>
  <testcase name="clearOTUs" time="0.014" classname="edu.upenn.cis.ppod.model.OTUSetTest"/>
  <testcase name="addOTU" time="0.014" classname="edu.upenn.cis.ppod.model.OTUSetTest"/>
  <testcase name="beforeMarahal" time="0.013" classname="edu.upenn.cis.ppod.model.PPodEntityTest"/>
  <testcase name="beforeMarshalBeforeTypeHasBeenSet" time="0.012" classname="edu.upenn.cis.ppod.model.CharacterStateCellTest"/>
  <testcase name="beforeMarshal" time="0.01" classname="edu.upenn.cis.ppod.model.CharacterStateCellTest"/>
  <testcase name="setOTUsWithLessOTUs" time="0.0040" classname="edu.upenn.cis.ppod.model.CharacterStateMatrixTest"/>
  <testcase name="setTypeAndStatesPolymorphic" time="0.0070" classname="edu.upenn.cis.ppod.model.CharacterStateCellTest"/>
  <testcase name="setTreeSets" time="0.0020" classname="edu.upenn.cis.ppod.model.OTUSetTest"/>
  <testcase name="setColumnPPodVersionInfos" time="0.018" classname="edu.upenn.cis.ppod.model.CharacterStateMatrixTest"/>
  <testcase name="setTypeAndStatesFromPolymorhpicToInapplicable" time="0.013" classname="edu.upenn.cis.ppod.model.CharacterStateCellTest"/>
  <testcase name="setDNASequenceSets" time="0.015" classname="edu.upenn.cis.ppod.model.OTUSetTest"/>
  <testcase name="addCellToMatrixThatHasNoCharacters" time="0.014" classname="edu.upenn.cis.ppod.model.CharacterStateRowTest"/>
  <testcase name="getStatesWhenCellHasMultipleStates" time="0.011" classname="edu.upenn.cis.ppod.model.CharacterStateCellTest"/>
  <testcase name="resetWhenNotInNeedOfNewPPodVersionInfo" time="0.013" classname="edu.upenn.cis.ppod.model.OTUSetTest"/>
  <testcase name="removeAttachment" time="0.014" classname="edu.upenn.cis.ppod.model.PPodEntityTest"/>
  <testcase name="addOTUWDuplicateLabel" time="0.015" classname="edu.upenn.cis.ppod.model.OTUSetTest"/>
  <testcase name="setWithSameRow" time="0.0010" classname="edu.upenn.cis.ppod.model.CharacterStateMatrixTest"/>
  <testcase name="moveCharacter" time="0.013" classname="edu.upenn.cis.ppod.model.CharacterStateMatrixTest"/>
  <testcase name="removeMatrix" time="0.016" classname="edu.upenn.cis.ppod.model.OTUSetTest"/>
  <testcase name="addOTUWAlreadyContainedOTU" time="0.013" classname="edu.upenn.cis.ppod.model.OTUSetTest"/>
  <testcase name="of" time="0.0020" classname="edu.upenn.cis.ppod.model.DNAStateTest"/>
  <testcase name="addCellToMatrixWOneCharacter" time="0.032" classname="edu.upenn.cis.ppod.model.CharacterStateRowTest"/>
  <testcase name="ofIllegalArg" time="0.013" classname="edu.upenn.cis.ppod.model.DNAStateTest"/>
  <testcase name="setDescription" time="0.013" classname="edu.upenn.cis.ppod.model.OTUSetTest"/>
  <testcase name="setCharactersW2EqualsCharacters" time="0.012" classname="edu.upenn.cis.ppod.model.CharacterStateMatrixTest"/>
  <testcase name="setTypeAndStatesSingle" time="0.013" classname="edu.upenn.cis.ppod.model.CharacterStateCellTest"/>
  <testcase name="setTypeAndStatesInapplicable" time="0.012" classname="edu.upenn.cis.ppod.model.CharacterStateCellTest"/>
  <testcase name="setTypeAndStatesPolymorphicTooFewStates" time="0.012" classname="edu.upenn.cis.ppod.model.CharacterStateCellTest"/>
  <testcase name="setTypeAndStatesUnassigned" time="0.014" classname="edu.upenn.cis.ppod.model.CharacterStateCellTest"/>
  <testcase name="setDescription" time="0.014" classname="edu.upenn.cis.ppod.model.CharacterStateMatrixTest"/>
  <testcase name="setCharacters" time="0.013" classname="edu.upenn.cis.ppod.model.CharacterStateMatrixTest"/>
  <testcase name="addCellToRowThatsNotInAMatrix" time="0.0020" classname="edu.upenn.cis.ppod.model.CharacterStateRowTest"/>
  <testcase name="setTypeAndStatesUncertainTooFewStates" time="0.0090" classname="edu.upenn.cis.ppod.model.CharacterStateCellTest"/>
  <testcase name="setOTUsWReorderedOTUs" time="0.019" classname="edu.upenn.cis.ppod.model.CharacterStateMatrixTest"/>
  <testcase name="removeTreeSet" time="0.017" classname="edu.upenn.cis.ppod.model.OTUSetTest"/>
  <testcase name="getMarshalled" time="0.0040" classname="edu.upenn.cis.ppod.model.PPodEntityTest"/>
  <testcase name="setTypeAndStatesFromSingleToInapplicable" time="0.01" classname="edu.upenn.cis.ppod.model.CharacterStateCellTest"/>
  <testcase name="afterUnmarshal" time="0.011" classname="edu.upenn.cis.ppod.model.CharacterStateCellTest"/>
  <testcase name="getStatesWhenCellHasOneState" time="0.01" classname="edu.upenn.cis.ppod.model.CharacterStateCellTest"/>
  <testcase name="replaceRow" time="0.013" classname="edu.upenn.cis.ppod.model.CharacterStateMatrixTest"/>
  <testcase name="setStatesForACellThatDoesNotBelongToARow" time="0.0040" classname="edu.upenn.cis.ppod.model.CharacterStateCellTest"/>
  <testcase name="moveCharacters" time="0.546" classname="edu.upenn.cis.ppod.saveorupdate.SaveOrUpdateCharacterStateMatrixTest"/>
  <testcase name="moveCharacters" time="0.028" classname="edu.upenn.cis.ppod.saveorupdate.SaveOrUpdateCharacterStateMatrixTest"/>
  <testcase name="save" time="0.462" classname="edu.upenn.cis.ppod.saveorupdate.SaveOrUpdateCharacterStateMatrixTest"/>
  <testcase name="save" time="0.744" classname="edu.upenn.cis.ppod.saveorupdate.SaveOrUpdateCharacterStateMatrixTest"/>
  <testcase name="moveRows" time="0.334" classname="edu.upenn.cis.ppod.saveorupdate.SaveOrUpdateCharacterStateMatrixTest"/>
  <testcase name="moveRows" time="0.394" classname="edu.upenn.cis.ppod.saveorupdate.SaveOrUpdateCharacterStateMatrixTest"/>
  <testcase name="deleteCharacter" time="0.429" classname="edu.upenn.cis.ppod.saveorupdate.SaveOrUpdateCharacterStateMatrixTest"/>
  <testcase name="deleteCharacter" time="0.0030" classname="edu.upenn.cis.ppod.saveorupdate.SaveOrUpdateCharacterStateMatrixTest"/>
  <testcase name="testIsLegalShouldReturnFalse" time="0.043" classname="edu.upenn.cis.ppod.model.DNASequenceTest"/>
  <testcase name="testIsLegal" time="0.0080" classname="edu.upenn.cis.ppod.model.DNASequenceTest"/>
  <testcase name="putHelperTest" time="0.012" classname="edu.upenn.cis.ppod.model.OTUsToMolecularSequencesTest">
    <failure type="java.lang.IllegalStateException" message="getOTUsToSequences() == null, so there is no otusToSequences to operate on">
      <![CDATA[java.lang.IllegalStateException: getOTUsToSequences() == null, so there is no otusToSequences to operate on
	at com.google.common.base.Preconditions.checkState(Preconditions.java:139)
	at edu.upenn.cis.ppod.model.DNASequenceSet.setOTUsInOTUsToSequences(DNASequenceSet.java:116)
	at edu.upenn.cis.ppod.model.MolecularSequenceSet.setOTUSet(MolecularSequenceSet.java:174)
	at edu.upenn.cis.ppod.model.OTUSet.addDNASequenceSet(OTUSet.java:151)
	at edu.upenn.cis.ppod.model.OTUsToMolecularSequencesTest.putHelperTest(OTUsToMolecularSequencesTest.java:20)
... Removed 22 stack frames]]>
    </failure>
  </testcase>
  <testcase name="mergeOnBlankTarget" time="0.017" classname="edu.upenn.cis.ppod.saveorupdate.MergeAttachmentTest"/>
</testsuite>
