<?xml version="1.0" encoding="UTF-8"?>
<testsuite name="fast" failures="0" tests="50" time="7.519" errors="0">
  <properties/>
  <testcase name="addOTUWDuplicateLabel" time="0.014" classname="edu.upenn.cis.ppod.model.OTUSetTest"/>
  <testcase name="removeOTU" time="0.028" classname="edu.upenn.cis.ppod.model.OTUSetTest"/>
  <testcase name="removeMatrix" time="0.016" classname="edu.upenn.cis.ppod.model.OTUSetTest"/>
  <testcase name="addOTUWAlreadyContainedOTU" time="0.016" classname="edu.upenn.cis.ppod.model.OTUSetTest"/>
  <testcase name="clearOTUs" time="0.0060" classname="edu.upenn.cis.ppod.model.OTUSetTest"/>
  <testcase name="succeed" time="0.015" classname="edu.upenn.cis.ppod.FactorySetup"/>
  <testcase name="addTreeSet" time="0.02" classname="edu.upenn.cis.ppod.model.OTUSetTest"/>
  <testcase name="removeTreeSet" time="0.014" classname="edu.upenn.cis.ppod.model.OTUSetTest"/>
  <testcase name="resetWhenNotInNeedOfNewPPodVersionInfo" time="0.016" classname="edu.upenn.cis.ppod.model.OTUSetTest"/>
  <testcase name="setOTUsWSameOTUs" time="0.014" classname="edu.upenn.cis.ppod.model.CharacterStateMatrixTest"/>
  <testcase name="setTypeAndStatesUncertain" time="0.0020" classname="edu.upenn.cis.ppod.model.CharacterStateCellTest"/>
  <testcase name="removeAttachment" time="0.0030" classname="edu.upenn.cis.ppod.model.PPodEntityTest"/>
  <testcase name="setWithSameRow" time="0.0010" classname="edu.upenn.cis.ppod.model.CharacterStateMatrixTest"/>
  <testcase name="addAttachment" time="0.0020" classname="edu.upenn.cis.ppod.model.PPodEntityTest"/>
  <testcase name="addCellToMatrixWTooFewCharacters" time="0.0020" classname="edu.upenn.cis.ppod.model.CharacterStateRowTest"/>
  <testcase name="moveRow" time="0.0020" classname="edu.upenn.cis.ppod.model.CharacterStateMatrixTest"/>
  <testcase name="moveCharacter" time="0.0070" classname="edu.upenn.cis.ppod.model.CharacterStateMatrixTest"/>
  <testcase name="beforeMarshal" time="0.0010" classname="edu.upenn.cis.ppod.model.CharacterStateMatrixTest"/>
  <testcase name="replaceCharacters" time="0.0020" classname="edu.upenn.cis.ppod.model.CharacterStateMatrixTest"/>
  <testcase name="setCharactersWithEqualsCharacters" time="0.0010" classname="edu.upenn.cis.ppod.model.CharacterStateMatrixTest"/>
  <testcase name="addCellToMatrixWOneCharacter" time="0.0010" classname="edu.upenn.cis.ppod.model.CharacterStateRowTest"/>
  <testcase name="of" time="0.0010" classname="edu.upenn.cis.ppod.model.DNAStateTest"/>
  <testcase name="setCharactersW2EqualsCharacters" time="0.0020" classname="edu.upenn.cis.ppod.model.CharacterStateMatrixTest"/>
  <testcase name="setTypeAndStatesSingle" time="0.0020" classname="edu.upenn.cis.ppod.model.CharacterStateCellTest"/>
  <testcase name="setTypeAndStatesInapplicable" time="0.01" classname="edu.upenn.cis.ppod.model.CharacterStateCellTest"/>
  <testcase name="setTypeAndStatesPolymorphicTooFewStates" time="0.0040" classname="edu.upenn.cis.ppod.model.CharacterStateCellTest"/>
  <testcase name="setTypeAndStatesUnassigned" time="0.0040" classname="edu.upenn.cis.ppod.model.CharacterStateCellTest"/>
  <testcase name="setTypeAndStatesPolymorphic" time="0.0040" classname="edu.upenn.cis.ppod.model.CharacterStateCellTest"/>
  <testcase name="setCharacters" time="0.0020" classname="edu.upenn.cis.ppod.model.CharacterStateMatrixTest"/>
  <testcase name="addCellToRowThatsNotInAMatrix" time="0.0020" classname="edu.upenn.cis.ppod.model.CharacterStateRowTest"/>
  <testcase name="setWrongOTUs" time="0.0030" classname="edu.upenn.cis.ppod.model.CharacterStateMatrixTest"/>
  <testcase name="setTypeAndStatesUncertainTooFewStates" time="0.0020" classname="edu.upenn.cis.ppod.model.CharacterStateCellTest"/>
  <testcase name="setOTUs" time="0.0020" classname="edu.upenn.cis.ppod.model.CharacterStateMatrixTest"/>
  <testcase name="setOTUsWReorderedOTUs" time="0.0070" classname="edu.upenn.cis.ppod.model.CharacterStateMatrixTest"/>
  <testcase name="setTypeAndStatesFromPolymorhpicToInapplicable" time="0.0050" classname="edu.upenn.cis.ppod.model.CharacterStateCellTest"/>
  <testcase name="setTypeAndStatesFromSingleToInapplicable" time="0.0020" classname="edu.upenn.cis.ppod.model.CharacterStateCellTest"/>
  <testcase name="afterUnmarshal" time="0.0030" classname="edu.upenn.cis.ppod.model.CharacterStateCellTest"/>
  <testcase name="getStatesWhenCellHasOneState" time="0.0030" classname="edu.upenn.cis.ppod.model.CharacterStateCellTest"/>
  <testcase name="replaceRow" time="0.0090" classname="edu.upenn.cis.ppod.model.CharacterStateMatrixTest"/>
  <testcase name="addCellToMatrixThatHasNoCharacters" time="0.0020" classname="edu.upenn.cis.ppod.model.CharacterStateRowTest"/>
  <testcase name="setOTUsWLessOTUs" time="0.0020" classname="edu.upenn.cis.ppod.model.CharacterStateMatrixTest"/>
  <testcase name="getStatesWhenCellHasMultipleStates" time="0.0020" classname="edu.upenn.cis.ppod.model.CharacterStateCellTest"/>
  <testcase name="setStatesForACellThatDoesNotBelongToARow" time="0.0020" classname="edu.upenn.cis.ppod.model.CharacterStateCellTest"/>
  <testcase name="mergeOnBlankTarget" time="0.0040" classname="edu.upenn.cis.ppod.saveorupdate.MergeAttachmentTest"/>
  <testcase name="moveCharacters" time="0.514" classname="edu.upenn.cis.ppod.saveorupdate.SaveOrUpdateCharacterStateMatrixTest"/>
  <testcase name="moveCharacters" time="0.0080" classname="edu.upenn.cis.ppod.saveorupdate.SaveOrUpdateCharacterStateMatrixTest"/>
  <testcase name="moveRows" time="0.54" classname="edu.upenn.cis.ppod.saveorupdate.SaveOrUpdateCharacterStateMatrixTest"/>
  <testcase name="moveRows" time="0.771" classname="edu.upenn.cis.ppod.saveorupdate.SaveOrUpdateCharacterStateMatrixTest"/>
  <testcase name="save" time="0.311" classname="edu.upenn.cis.ppod.saveorupdate.SaveOrUpdateCharacterStateMatrixTest"/>
  <testcase name="save" time="0.58" classname="edu.upenn.cis.ppod.saveorupdate.SaveOrUpdateCharacterStateMatrixTest"/>
</testsuite>
