<?xml version="1.0" encoding="UTF-8"?>
<testsuite name="fast" failures="0" tests="68" time="9.918" errors="0">
  <properties/>
  <testcase name="succeed" time="0.0020" classname="edu.upenn.cis.ppod.FactorySetup"/>
  <testcase name="setInNeedOfNewPPodVersion" time="0.039" classname="edu.upenn.cis.ppod.model.MolecularSequenceTest"/>
  <testcase name="setName" time="0.0010" classname="edu.upenn.cis.ppod.model.MolecularSequenceTest"/>
  <testcase name="setSequence" time="0.0" classname="edu.upenn.cis.ppod.model.MolecularSequenceTest"/>
  <testcase name="setSequenceWithAnIllegalCharacter" time="0.0" classname="edu.upenn.cis.ppod.model.MolecularSequenceTest"/>
  <testcase name="putHelperTest" time="0.0" classname="edu.upenn.cis.ppod.model.OTUsToMolecularSequencesTest"/>
  <testcase name="putHelperTestReplaceASequence" time="0.0" classname="edu.upenn.cis.ppod.model.OTUsToMolecularSequencesTest"/>
  <testcase name="afterUnmarshal" time="0.0" classname="edu.upenn.cis.ppod.model.CharacterStateCellTest"/>
  <testcase name="beforeMarshal" time="0.0020" classname="edu.upenn.cis.ppod.model.CharacterStateCellTest"/>
  <testcase name="beforeMarshalBeforeTypeHasBeenSet" time="0.0010" classname="edu.upenn.cis.ppod.model.CharacterStateCellTest"/>
  <testcase name="getStatesWhenCellHasMultipleStates" time="0.0" classname="edu.upenn.cis.ppod.model.CharacterStateCellTest"/>
  <testcase name="getStatesWhenCellHasOneState" time="0.0" classname="edu.upenn.cis.ppod.model.CharacterStateCellTest"/>
  <testcase name="setStatesForACellThatDoesNotBelongToARow" time="0.0010" classname="edu.upenn.cis.ppod.model.CharacterStateCellTest"/>
  <testcase name="setTypeAndStatesFromPolymorhpicToInapplicable" time="0.0" classname="edu.upenn.cis.ppod.model.CharacterStateCellTest"/>
  <testcase name="setTypeAndStatesFromSingleToInapplicable" time="0.0" classname="edu.upenn.cis.ppod.model.CharacterStateCellTest"/>
  <testcase name="setTypeAndStatesInapplicable" time="0.0" classname="edu.upenn.cis.ppod.model.CharacterStateCellTest"/>
  <testcase name="setTypeAndStatesPolymorphic" time="0.0" classname="edu.upenn.cis.ppod.model.CharacterStateCellTest"/>
  <testcase name="setTypeAndStatesPolymorphicTooFewStates" time="0.0010" classname="edu.upenn.cis.ppod.model.CharacterStateCellTest"/>
  <testcase name="setTypeAndStatesSingle" time="0.0020" classname="edu.upenn.cis.ppod.model.CharacterStateCellTest"/>
  <testcase name="setTypeAndStatesUnassigned" time="0.0010" classname="edu.upenn.cis.ppod.model.CharacterStateCellTest"/>
  <testcase name="setTypeAndStatesUncertainTooFewStates" time="0.0010" classname="edu.upenn.cis.ppod.model.CharacterStateCellTest"/>
  <testcase name="setUncertainStates" time="0.0010" classname="edu.upenn.cis.ppod.model.CharacterStateCellTest"/>
  <testcase name="beforeMarshal" time="0.0" classname="edu.upenn.cis.ppod.model.CharacterStateMatrixTest"/>
  <testcase name="moveCharacter" time="0.012" classname="edu.upenn.cis.ppod.model.CharacterStateMatrixTest"/>
  <testcase name="replaceCharacters" time="0.0010" classname="edu.upenn.cis.ppod.model.CharacterStateMatrixTest"/>
  <testcase name="replaceRow" time="0.0" classname="edu.upenn.cis.ppod.model.CharacterStateMatrixTest"/>
  <testcase name="setCharacters" time="0.0010" classname="edu.upenn.cis.ppod.model.CharacterStateMatrixTest"/>
  <testcase name="setCharactersW2EqualsCharacters" time="0.0" classname="edu.upenn.cis.ppod.model.CharacterStateMatrixTest"/>
  <testcase name="setCharactersWithEqualsCharacters" time="0.0" classname="edu.upenn.cis.ppod.model.CharacterStateMatrixTest"/>
  <testcase name="setColumnPPodVersionInfos" time="0.0" classname="edu.upenn.cis.ppod.model.CharacterStateMatrixTest"/>
  <testcase name="setDescription" time="0.0" classname="edu.upenn.cis.ppod.model.CharacterStateMatrixTest"/>
  <testcase name="setOTUsWReorderedOTUs" time="0.0040" classname="edu.upenn.cis.ppod.model.CharacterStateMatrixTest"/>
  <testcase name="setOTUsWSameOTUs" time="0.0010" classname="edu.upenn.cis.ppod.model.CharacterStateMatrixTest"/>
  <testcase name="setOTUsWithLessOTUs" time="0.0010" classname="edu.upenn.cis.ppod.model.CharacterStateMatrixTest"/>
  <testcase name="setWithSameRow" time="0.0" classname="edu.upenn.cis.ppod.model.CharacterStateMatrixTest"/>
  <testcase name="addCellToMatrixThatHasNoCharacters" time="0.0" classname="edu.upenn.cis.ppod.model.CharacterStateRowTest"/>
  <testcase name="addCellToMatrixWOneCharacter" time="0.0" classname="edu.upenn.cis.ppod.model.CharacterStateRowTest"/>
  <testcase name="addCellToMatrixWTooFewCharacters" time="0.0010" classname="edu.upenn.cis.ppod.model.CharacterStateRowTest"/>
  <testcase name="addCellToRowThatsNotInAMatrix" time="0.0" classname="edu.upenn.cis.ppod.model.CharacterStateRowTest"/>
  <testcase name="of" time="0.0030" classname="edu.upenn.cis.ppod.model.DNAStateTest"/>
  <testcase name="ofIllegalArg" time="0.0" classname="edu.upenn.cis.ppod.model.DNAStateTest"/>
  <testcase name="setCharacters" time="0.0060" classname="edu.upenn.cis.ppod.model.MolecularStateMatrixTest"/>
  <testcase name="addOTU" time="0.0" classname="edu.upenn.cis.ppod.model.OTUSetTest"/>
  <testcase name="addOTUWAlreadyContainedOTU" time="0.0010" classname="edu.upenn.cis.ppod.model.OTUSetTest"/>
  <testcase name="addOTUWDuplicateLabel" time="0.0010" classname="edu.upenn.cis.ppod.model.OTUSetTest"/>
  <testcase name="clearOTUs" time="0.0010" classname="edu.upenn.cis.ppod.model.OTUSetTest"/>
  <testcase name="removeMatrix" time="0.0020" classname="edu.upenn.cis.ppod.model.OTUSetTest"/>
  <testcase name="removeOTU" time="0.0" classname="edu.upenn.cis.ppod.model.OTUSetTest"/>
  <testcase name="removeTreeSet" time="0.0010" classname="edu.upenn.cis.ppod.model.OTUSetTest"/>
  <testcase name="resetWhenNotInNeedOfNewPPodVersionInfo" time="0.0" classname="edu.upenn.cis.ppod.model.OTUSetTest"/>
  <testcase name="setDNASequenceSets" time="0.0" classname="edu.upenn.cis.ppod.model.OTUSetTest"/>
  <testcase name="setDescription" time="0.0" classname="edu.upenn.cis.ppod.model.OTUSetTest"/>
  <testcase name="setTreeSets" time="0.0" classname="edu.upenn.cis.ppod.model.OTUSetTest"/>
  <testcase name="addAttachment" time="0.0" classname="edu.upenn.cis.ppod.model.PPodEntityTest"/>
  <testcase name="beforeMarahal" time="0.0" classname="edu.upenn.cis.ppod.model.PPodEntityTest"/>
  <testcase name="getMarshalled" time="0.0010" classname="edu.upenn.cis.ppod.model.PPodEntityTest"/>
  <testcase name="removeAttachment" time="0.0" classname="edu.upenn.cis.ppod.model.PPodEntityTest"/>
  <testcase name="deleteCharacter" time="0.764" classname="edu.upenn.cis.ppod.saveorupdate.SaveOrUpdateCharacterStateMatrixTest"/>
  <testcase name="deleteCharacter" time="0.0" classname="edu.upenn.cis.ppod.saveorupdate.SaveOrUpdateCharacterStateMatrixTest"/>
  <testcase name="moveCharacters" time="0.702" classname="edu.upenn.cis.ppod.saveorupdate.SaveOrUpdateCharacterStateMatrixTest"/>
  <testcase name="moveCharacters" time="0.0" classname="edu.upenn.cis.ppod.saveorupdate.SaveOrUpdateCharacterStateMatrixTest"/>
  <testcase name="moveRows" time="0.387" classname="edu.upenn.cis.ppod.saveorupdate.SaveOrUpdateCharacterStateMatrixTest"/>
  <testcase name="moveRows" time="1.106" classname="edu.upenn.cis.ppod.saveorupdate.SaveOrUpdateCharacterStateMatrixTest"/>
  <testcase name="save" time="0.318" classname="edu.upenn.cis.ppod.saveorupdate.SaveOrUpdateCharacterStateMatrixTest"/>
  <testcase name="save" time="0.75" classname="edu.upenn.cis.ppod.saveorupdate.SaveOrUpdateCharacterStateMatrixTest"/>
  <testcase name="testIsLegal" time="0.0" classname="edu.upenn.cis.ppod.model.DNASequenceTest"/>
  <testcase name="testIsLegalShouldReturnFalse" time="0.0010" classname="edu.upenn.cis.ppod.model.DNASequenceTest"/>
  <testcase name="mergeOnBlankTarget" time="0.022" classname="edu.upenn.cis.ppod.saveorupdate.MergeAttachmentTest"/>
</testsuite>
