<?xml version="1.0" encoding="UTF-8"?>
<testsuite name="edu.upenn.cis.ppod.model.OTUsToMolecularSequencesTest" failures="1" tests="1" time="0.084" errors="0">
  <properties/>
  <testcase name="putHelperTest" time="0.029" classname="edu.upenn.cis.ppod.model.OTUsToMolecularSequencesTest">
    <failure type="java.lang.NullPointerException">
      <![CDATA[java.lang.NullPointerException
	at edu.upenn.cis.ppod.model.OTUsToMolecularSequencesTest.putHelperTest(OTUsToMolecularSequencesTest.java:26)
... Removed 22 stack frames]]>
    </failure>
  </testcase>
</testsuite>
