<?xml version="1.0" encoding="UTF-8"?>
<testsuite name="edu.upenn.cis.ppod.services.PPodEntitiesResourceTest" failures="0" tests="1" time="0.015" errors="0">
  <properties/>
  <testcase name="@BeforeSuite beforeSuite" time="0.0" classname="edu.upenn.cis.ppod.services.PPodEntitiesResourceTest">
    <failure type="java.net.BindException" message="Address already in use">
      <![CDATA[java.net.BindException: Address already in use
	at sun.nio.ch.Net.bind(Native Method)
	at sun.nio.ch.ServerSocketChannelImpl.bind(ServerSocketChannelImpl.java:119)
	at sun.nio.ch.ServerSocketAdaptor.bind(ServerSocketAdaptor.java:59)
	at org.mortbay.jetty.nio.SelectChannelConnector.open(SelectChannelConnector.java:216)
	at org.mortbay.jetty.nio.SelectChannelConnector.doStart(SelectChannelConnector.java:315)
	at org.mortbay.component.AbstractLifeCycle.start(AbstractLifeCycle.java:50)
	at org.mortbay.jetty.Server.doStart(Server.java:235)
	at org.mortbay.component.AbstractLifeCycle.start(AbstractLifeCycle.java:50)
	at edu.upenn.cis.ppod.services.PPodEntitiesResourceTest.beforeSuite(PPodEntitiesResourceTest.java:59)
... Removed 15 stack frames]]>
    </failure>
  </testcase>
  <testcase name="uploadProject" time="0.0" classname="edu.upenn.cis.ppod.services.PPodEntitiesResourceTest">
    <skipped/>
  </testcase>
</testsuite>
