<?xml version="1.0" encoding="UTF-8"?>
<coverage generated="1260069537630" clover="2.6.1">
   <project timestamp="1260069532788" name="pPOD 0.2-SNAPSHOT (Aggregated)">
      <metrics conditionals="420" methods="476" classes="156" files="137" packages="16" coveredstatements="481" complexity="715" loc="12470" ncloc="5650" coveredmethods="133" coveredconditionals="134" statements="1573" coveredelements="748" elements="2469"/>
      <package name="edu.upenn.cis.ppod.model">
         <metrics conditionals="260" methods="229" classes="31" files="28" coveredstatements="395" complexity="377" loc="5132" ncloc="2395" coveredmethods="127" coveredconditionals="111" statements="749" coveredelements="633" elements="1238"/>
         <file name="Attachment.java" path="/home/tomcat/hudson/jobs/pPOD-0.2-SNAPSHOT-CheckIn/workspace/trunk/cdm/src/main/java/edu/upenn/cis/ppod/model/Attachment.java">
            <metrics classes="1" methods="14" conditionals="10" ncloc="140" coveredstatements="3" coveredmethods="3" complexity="19" coveredconditionals="0" statements="40" loc="262" coveredelements="6" elements="64"/>
            <class name="Attachment">
               <metrics methods="14" conditionals="10" coveredstatements="3" coveredmethods="3" complexity="19" coveredconditionals="0" statements="40" coveredelements="6" elements="64"/>
            </class>
            <line num="71" count="0" complexity="1" type="method" signature="apply(Attachment) : String"/>
            <line num="72" count="0" type="stmt"/>
            <line num="85" count="0" complexity="2" type="method" signature="getAttachmentsByType(Set&lt;Attachment&gt;,String) : Set&lt;Attachment&gt;"/>
            <line num="87" count="0" type="stmt"/>
            <line num="88" count="0" type="stmt"/>
            <line num="89" count="0" type="stmt"/>
            <line num="89" falsecount="0" type="cond" truecount="0"/>
            <line num="90" count="0" type="stmt"/>
            <line num="93" count="0" type="stmt"/>
            <line num="131" count="1" complexity="1" type="method" signature="Attachment()"/>
            <line num="133" count="0" complexity="1" type="method" signature="accept(IVisitor) : Attachment"/>
            <line num="135" count="0" type="stmt"/>
            <line num="136" count="0" type="stmt"/>
            <line num="137" count="0" type="stmt"/>
            <line num="139" count="0" type="stmt"/>
            <line num="142" count="1" complexity="1" type="method" signature="addAttachee(PPodEntity) : PPodEntity"/>
            <line num="143" count="1" type="stmt"/>
            <line num="144" count="1" type="stmt"/>
            <line num="152" count="0" complexity="1" type="method" signature="getBytesValue() : byte[]"/>
            <line num="153" count="0" type="stmt"/>
            <line num="161" count="0" complexity="1" type="method" signature="getLabel() : String"/>
            <line num="162" count="0" type="stmt"/>
            <line num="170" count="1" complexity="1" type="method" signature="getStringValue() : String"/>
            <line num="171" count="1" type="stmt"/>
            <line num="179" count="0" complexity="1" type="method" signature="getType() : AttachmentType"/>
            <line num="180" count="0" type="stmt"/>
            <line num="183" count="0" complexity="2" type="method" signature="resetPPodVersionInfo() : Attachment"/>
            <line num="185" count="0" type="stmt"/>
            <line num="185" falsecount="0" type="cond" truecount="0"/>
            <line num="188" count="0" type="stmt"/>
            <line num="189" count="0" type="stmt"/>
            <line num="191" count="0" type="stmt"/>
            <line num="193" count="0" type="stmt"/>
            <line num="203" count="0" complexity="1" type="method" signature="setByteArrayValue(byte[]) : Attachment"/>
            <line num="204" count="0" type="stmt"/>
            <line num="205" count="0" type="stmt"/>
            <line num="206" count="0" type="stmt"/>
            <line num="207" count="0" type="stmt"/>
            <line num="217" count="0" complexity="2" type="method" signature="setLabel(String) : Attachment"/>
            <line num="218" count="0" type="stmt"/>
            <line num="219" count="0" type="stmt"/>
            <line num="219" falsecount="0" type="cond" truecount="0"/>
            <line num="222" count="0" type="stmt"/>
            <line num="223" count="0" type="stmt"/>
            <line num="225" count="0" type="stmt"/>
            <line num="234" count="0" complexity="2" type="method" signature="setStringValue(String) : Attachment"/>
            <line num="235" count="0" type="stmt"/>
            <line num="236" count="0" type="stmt"/>
            <line num="236" falsecount="0" type="cond" truecount="0"/>
            <line num="239" count="0" type="stmt"/>
            <line num="240" count="0" type="stmt"/>
            <line num="242" count="0" type="stmt"/>
            <line num="251" count="0" complexity="2" type="method" signature="setType(AttachmentType) : Attachment"/>
            <line num="252" count="0" type="stmt"/>
            <line num="253" count="0" type="stmt"/>
            <line num="253" falsecount="0" type="cond" truecount="0"/>
            <line num="256" count="0" type="stmt"/>
            <line num="257" count="0" type="stmt"/>
            <line num="259" count="0" type="stmt"/>
         </file>
         <file name="AttachmentNamespace.java" path="/home/tomcat/hudson/jobs/pPOD-0.2-SNAPSHOT-CheckIn/workspace/trunk/cdm/src/main/java/edu/upenn/cis/ppod/model/AttachmentNamespace.java">
            <metrics classes="1" methods="3" conditionals="0" ncloc="29" coveredstatements="0" coveredmethods="1" complexity="3" coveredconditionals="0" statements="4" loc="71" coveredelements="1" elements="7"/>
            <class name="AttachmentNamespace">
               <metrics methods="3" conditionals="0" coveredstatements="0" coveredmethods="1" complexity="3" coveredconditionals="0" statements="4" coveredelements="1" elements="7"/>
            </class>
            <line num="49" count="1" complexity="1" type="method" signature="AttachmentNamespace()"/>
            <line num="56" count="0" complexity="1" type="method" signature="getLabel() : String"/>
            <line num="57" count="0" type="stmt"/>
            <line num="66" count="0" complexity="1" type="method" signature="setLabel(String) : AttachmentNamespace"/>
            <line num="67" count="0" type="stmt"/>
            <line num="68" count="0" type="stmt"/>
            <line num="69" count="0" type="stmt"/>
         </file>
         <file name="AttachmentType.java" path="/home/tomcat/hudson/jobs/pPOD-0.2-SNAPSHOT-CheckIn/workspace/trunk/cdm/src/main/java/edu/upenn/cis/ppod/model/AttachmentType.java">
            <metrics classes="1" methods="5" conditionals="0" ncloc="47" coveredstatements="0" coveredmethods="1" complexity="5" coveredconditionals="0" statements="7" loc="106" coveredelements="1" elements="12"/>
            <class name="AttachmentType">
               <metrics methods="5" conditionals="0" coveredstatements="0" coveredmethods="1" complexity="5" coveredconditionals="0" statements="7" coveredelements="1" elements="12"/>
            </class>
            <line num="63" count="1" complexity="1" type="method" signature="AttachmentType()"/>
            <line num="70" count="0" complexity="1" type="method" signature="getLabel() : String"/>
            <line num="71" count="0" type="stmt"/>
            <line num="79" count="0" complexity="1" type="method" signature="getNamespace() : AttachmentNamespace"/>
            <line num="80" count="0" type="stmt"/>
            <line num="89" count="0" complexity="1" type="method" signature="setLabel(String) : AttachmentType"/>
            <line num="90" count="0" type="stmt"/>
            <line num="91" count="0" type="stmt"/>
            <line num="92" count="0" type="stmt"/>
            <line num="102" count="0" complexity="1" type="method" signature="setNamespace(AttachmentNamespace) : AttachmentType"/>
            <line num="103" count="0" type="stmt"/>
            <line num="104" count="0" type="stmt"/>
         </file>
         <file name="Character.java" path="/home/tomcat/hudson/jobs/pPOD-0.2-SNAPSHOT-CheckIn/workspace/trunk/cdm/src/main/java/edu/upenn/cis/ppod/model/Character.java">
            <metrics classes="1" methods="11" conditionals="8" ncloc="102" coveredstatements="28" coveredmethods="11" complexity="16" coveredconditionals="4" statements="30" loc="229" coveredelements="43" elements="49"/>
            <class name="Character">
               <metrics methods="11" conditionals="8" coveredstatements="28" coveredmethods="11" complexity="16" coveredconditionals="4" statements="30" coveredelements="43" elements="49"/>
            </class>
            <line num="85" count="1" complexity="1" type="method" signature="getMatrices() : Set&lt;CharacterStateMatrix&gt;"/>
            <line num="86" count="1" type="stmt"/>
            <line num="99" count="1" complexity="1" type="method" signature="Character()"/>
            <line num="111" count="1" complexity="1" type="method" signature="addMatrix(CharacterStateMatrix) : boolean"/>
            <line num="112" count="1" type="stmt"/>
            <line num="113" count="1" type="stmt"/>
            <line num="125" count="1" complexity="1" type="method" signature="addState(CharacterState) : CharacterState"/>
            <line num="126" count="1" type="stmt"/>
            <line num="127" count="1" type="stmt"/>
            <line num="128" count="1" type="stmt"/>
            <line num="129" count="1" type="stmt"/>
            <line num="130" count="1" type="stmt"/>
            <line num="139" count="1" complexity="4" type="method" signature="afterUnmarshal(Unmarshaller,Object) : void"/>
            <line num="140" count="1" type="stmt"/>
            <line num="140" falsecount="0" type="cond" truecount="1"/>
            <line num="141" count="1" type="stmt"/>
            <line num="143" count="1" type="stmt"/>
            <line num="143" falsecount="0" type="cond" truecount="1"/>
            <line num="145" count="1" type="stmt"/>
            <line num="146" count="1" type="stmt"/>
            <line num="156" count="1" complexity="1" type="method" signature="getLabel() : String"/>
            <line num="157" count="1" type="stmt"/>
            <line num="165" count="1" complexity="1" type="method" signature="getStates() : Map&lt;Integer, CharacterState&gt;"/>
            <line num="166" count="1" type="stmt"/>
            <line num="178" count="1" complexity="1" type="method" signature="removeMatrix(CharacterStateMatrix) : boolean"/>
            <line num="179" count="1" type="stmt"/>
            <line num="182" count="1" complexity="2" type="method" signature="resetPPodVersionInfo() : Character"/>
            <line num="184" count="1" type="stmt"/>
            <line num="184" falsecount="0" type="cond" truecount="1"/>
            <line num="185" count="0" type="stmt"/>
            <line num="186" count="0" type="stmt"/>
            <line num="189" count="1" type="stmt"/>
            <line num="190" count="1" type="stmt"/>
            <line num="199" count="1" complexity="2" type="method" signature="setLabel(String) : Character"/>
            <line num="200" count="1" type="stmt"/>
            <line num="201" count="1" type="stmt"/>
            <line num="201" falsecount="1" type="cond" truecount="0"/>
            <line num="204" count="1" type="stmt"/>
            <line num="205" count="1" type="stmt"/>
            <line num="207" count="1" type="stmt"/>
            <line num="216" count="1" complexity="1" type="method" signature="toString() : String"/>
            <line num="218" count="1" type="stmt"/>
            <line num="220" count="1" type="stmt"/>
            <line num="222" count="1" type="stmt"/>
            <line num="226" count="1" type="stmt"/>
         </file>
         <file name="CharacterState.java" path="/home/tomcat/hudson/jobs/pPOD-0.2-SNAPSHOT-CheckIn/workspace/trunk/cdm/src/main/java/edu/upenn/cis/ppod/model/CharacterState.java">
            <metrics classes="3" methods="12" conditionals="4" ncloc="105" coveredstatements="24" coveredmethods="11" complexity="14" coveredconditionals="2" statements="27" loc="262" coveredelements="37" elements="43"/>
            <class name="CharacterState">
               <metrics methods="11" conditionals="4" coveredstatements="19" coveredmethods="10" complexity="13" coveredconditionals="2" statements="22" coveredelements="31" elements="37"/>
            </class>
            <class name="CharacterState.IFactory">
               <metrics methods="0" conditionals="0" coveredstatements="0" coveredmethods="0" complexity="0" coveredconditionals="0" statements="0" coveredelements="0" elements="0"/>
            </class>
            <class name="CharacterState.CharacterStateComparator">
               <metrics methods="1" conditionals="0" coveredstatements="5" coveredmethods="1" complexity="1" coveredconditionals="0" statements="5" coveredelements="6" elements="6"/>
            </class>
            <line num="82" count="1" complexity="1" type="method" signature="compare(CharacterState,CharacterState) : int"/>
            <line num="83" count="1" type="stmt"/>
            <line num="84" count="1" type="stmt"/>
            <line num="87" count="1" type="stmt"/>
            <line num="88" count="1" type="stmt"/>
            <line num="91" count="1" type="stmt"/>
            <line num="100" count="0" complexity="1" type="method" signature="apply(CharacterState) : Integer"/>
            <line num="101" count="0" type="stmt"/>
            <line num="146" count="1" complexity="1" type="method" signature="CharacterState()"/>
            <line num="148" count="1" complexity="1" type="method" signature="CharacterState(Integer)"/>
            <line num="150" count="1" type="stmt"/>
            <line num="151" count="1" type="stmt"/>
            <line num="162" count="1" complexity="1" type="method" signature="afterUnmarshal(Unmarshaller,Object) : void"/>
            <line num="171" count="1" complexity="1" type="method" signature="getCharacter() : Character"/>
            <line num="172" count="1" type="stmt"/>
            <line num="180" count="1" complexity="1" type="method" signature="getLabel() : String"/>
            <line num="181" count="1" type="stmt"/>
            <line num="190" count="1" complexity="1" type="method" signature="getStateNumber() : Integer"/>
            <line num="191" count="1" type="stmt"/>
            <line num="199" count="1" complexity="2" type="method" signature="resetPPodVersionInfo() : CharacterState"/>
            <line num="201" count="1" type="stmt"/>
            <line num="201" falsecount="0" type="cond" truecount="1"/>
            <line num="204" count="0" type="stmt"/>
            <line num="205" count="0" type="stmt"/>
            <line num="207" count="1" type="stmt"/>
            <line num="221" count="1" complexity="1" type="method" signature="setCharacter(Character) : CharacterState"/>
            <line num="222" count="1" type="stmt"/>
            <line num="223" count="1" type="stmt"/>
            <line num="224" count="1" type="stmt"/>
            <line num="234" count="1" complexity="2" type="method" signature="setLabel(String) : CharacterState"/>
            <line num="235" count="1" type="stmt"/>
            <line num="236" count="1" type="stmt"/>
            <line num="236" falsecount="1" type="cond" truecount="0"/>
            <line num="237" count="1" type="stmt"/>
            <line num="238" count="1" type="stmt"/>
            <line num="240" count="1" type="stmt"/>
            <line num="249" count="1" complexity="1" type="method" signature="toString() : String"/>
            <line num="251" count="1" type="stmt"/>
            <line num="253" count="1" type="stmt"/>
            <line num="255" count="1" type="stmt"/>
            <line num="259" count="1" type="stmt"/>
         </file>
         <file name="CharacterStateCell.java" path="/home/tomcat/hudson/jobs/pPOD-0.2-SNAPSHOT-CheckIn/workspace/trunk/cdm/src/main/java/edu/upenn/cis/ppod/model/CharacterStateCell.java">
            <metrics classes="2" methods="21" conditionals="52" ncloc="292" coveredstatements="106" coveredmethods="19" complexity="58" coveredconditionals="41" statements="122" loc="546" coveredelements="166" elements="195"/>
            <class name="CharacterStateCell">
               <metrics methods="20" conditionals="42" coveredstatements="96" coveredmethods="18" complexity="52" coveredconditionals="32" statements="111" coveredelements="146" elements="173"/>
            </class>
            <class name="CharacterStateCell.Type">
               <metrics methods="1" conditionals="10" coveredstatements="10" coveredmethods="1" complexity="6" coveredconditionals="9" statements="11" coveredelements="20" elements="22"/>
            </class>
            <line num="102" count="1" complexity="6" type="method" signature="of(String) : Type"/>
            <line num="103" count="1" type="stmt"/>
            <line num="103" falsecount="1" type="cond" truecount="1"/>
            <line num="104" count="1" type="stmt"/>
            <line num="105" count="1" type="stmt"/>
            <line num="105" falsecount="1" type="cond" truecount="1"/>
            <line num="106" count="1" type="stmt"/>
            <line num="107" count="1" type="stmt"/>
            <line num="107" falsecount="1" type="cond" truecount="1"/>
            <line num="108" count="1" type="stmt"/>
            <line num="109" count="1" type="stmt"/>
            <line num="109" falsecount="1" type="cond" truecount="1"/>
            <line num="110" count="1" type="stmt"/>
            <line num="111" count="1" type="stmt"/>
            <line num="111" falsecount="0" type="cond" truecount="1"/>
            <line num="112" count="1" type="stmt"/>
            <line num="114" count="0" type="stmt"/>
            <line num="185" count="1" complexity="1" type="method" signature="CharacterStateCell()"/>
            <line num="193" count="1" complexity="1" type="method" signature="afterUnmarshal(Unmarshaller,Object) : void"/>
            <line num="194" count="1" type="stmt"/>
            <line num="196" count="1" type="stmt"/>
            <line num="199" count="0" complexity="1" type="method" signature="beforeMarshal(Marshaller) : boolean"/>
            <line num="201" count="0" type="stmt"/>
            <line num="202" count="0" type="stmt"/>
            <line num="203" count="0" type="stmt"/>
            <line num="206" count="1" complexity="4" type="method" signature="checkIncomingState(CharacterState) : void"/>
            <line num="207" count="1" type="stmt"/>
            <line num="207" falsecount="1" type="cond" truecount="1"/>
            <line num="208" count="1" type="stmt"/>
            <line num="211" count="1" type="stmt"/>
            <line num="211" falsecount="1" type="cond" truecount="0"/>
            <line num="212" count="0" type="stmt"/>
            <line num="217" count="1" type="stmt"/>
            <line num="217" falsecount="1" type="cond" truecount="0"/>
            <line num="220" count="0" type="stmt"/>
            <line num="235" count="1" complexity="11" type="method" signature="checkTypeAndStates(Type,Set&lt;CharacterState&gt;) : void"/>
            <line num="237" count="1" type="stmt"/>
            <line num="238" count="1" type="stmt"/>
            <line num="239" count="1" type="stmt"/>
            <line num="241" count="1" type="stmt"/>
            <line num="242" count="1" type="stmt"/>
            <line num="242" falsecount="1" type="cond" truecount="1"/>
            <line num="243" count="1" type="stmt"/>
            <line num="246" count="1" type="stmt"/>
            <line num="247" count="1" type="stmt"/>
            <line num="248" count="1" type="stmt"/>
            <line num="248" falsecount="1" type="cond" truecount="1"/>
            <line num="249" count="1" type="stmt"/>
            <line num="252" count="1" type="stmt"/>
            <line num="253" count="1" type="stmt"/>
            <line num="254" count="1" type="stmt"/>
            <line num="254" falsecount="1" type="cond" truecount="1"/>
            <line num="255" count="1" type="stmt"/>
            <line num="258" count="1" type="stmt"/>
            <line num="259" count="1" type="stmt"/>
            <line num="260" count="1" type="stmt"/>
            <line num="260" falsecount="1" type="cond" truecount="1"/>
            <line num="261" count="1" type="stmt"/>
            <line num="264" count="1" type="stmt"/>
            <line num="265" count="1" type="stmt"/>
            <line num="266" count="1" type="stmt"/>
            <line num="266" falsecount="1" type="cond" truecount="1"/>
            <line num="267" count="1" type="stmt"/>
            <line num="270" count="1" type="stmt"/>
            <line num="271" count="0" type="stmt"/>
            <line num="272" count="0" type="stmt"/>
            <line num="279" count="1" complexity="5" type="method" signature="clearStates() : void"/>
            <line num="280" count="1" type="stmt"/>
            <line num="280" falsecount="1" type="cond" truecount="1"/>
            <line num="282" count="1" type="stmt"/>
            <line num="282" falsecount="1" type="cond" truecount="0"/>
            <line num="283" count="0" type="stmt"/>
            <line num="287" count="1" type="stmt"/>
            <line num="288" count="1" type="stmt"/>
            <line num="288" falsecount="0" type="cond" truecount="1"/>
            <line num="289" count="1" type="stmt"/>
            <line num="291" count="1" type="stmt"/>
            <line num="301" count="1" complexity="1" type="method" signature="getRow() : CharacterStateRow"/>
            <line num="302" count="1" type="stmt"/>
            <line num="313" count="0" complexity="1" type="method" signature="getStateByNumber(Integer) : CharacterState"/>
            <line num="314" count="0" type="stmt"/>
            <line num="325" count="1" complexity="7" type="method" signature="getStates() : Set&lt;CharacterState&gt;"/>
            <line num="326" count="1" type="stmt"/>
            <line num="326" falsecount="1" type="cond" truecount="1"/>
            <line num="327" count="1" type="stmt"/>
            <line num="328" count="1" type="stmt"/>
            <line num="329" count="1" type="stmt"/>
            <line num="330" count="1" type="stmt"/>
            <line num="332" count="1" type="stmt"/>
            <line num="334" count="1" type="stmt"/>
            <line num="335" count="1" type="stmt"/>
            <line num="336" count="1" type="stmt"/>
            <line num="337" count="1" type="stmt"/>
            <line num="338" count="1" type="stmt"/>
            <line num="339" count="1" type="stmt"/>
            <line num="340" count="1" type="stmt"/>
            <line num="346" count="1" type="stmt"/>
            <line num="347" count="0" type="stmt"/>
            <line num="348" count="0" type="stmt"/>
            <line num="358" count="1" complexity="1" type="method" signature="getType() : CharacterStateCell.Type"/>
            <line num="359" count="1" type="stmt"/>
            <line num="362" count="1" complexity="2" type="method" signature="getXmlStates() : Set&lt;CharacterState&gt;"/>
            <line num="365" count="1" type="stmt"/>
            <line num="365" falsecount="1" type="cond" truecount="1"/>
            <line num="366" count="1" type="stmt"/>
            <line num="368" count="1" type="stmt"/>
            <line num="374" count="1" complexity="1" type="method" signature="getXmlStatesNeedsToBePutIntoStates() : boolean"/>
            <line num="375" count="1" type="stmt"/>
            <line num="383" count="1" complexity="3" type="method" signature="resetPPodVersionInfo() : CharacterStateCell"/>
            <line num="385" count="1" type="stmt"/>
            <line num="385" falsecount="0" type="cond" truecount="1"/>
            <line num="386" count="0" type="stmt"/>
            <line num="386" falsecount="0" type="cond" truecount="0"/>
            <line num="387" count="0" type="stmt"/>
            <line num="388" count="0" type="stmt"/>
            <line num="391" count="0" type="stmt"/>
            <line num="393" count="1" type="stmt"/>
            <line num="403" count="1" complexity="2" type="method" signature="setRow(CharacterStateRow) : CharacterStateCell"/>
            <line num="404" count="1" type="stmt"/>
            <line num="404" falsecount="1" type="cond" truecount="0"/>
            <line num="407" count="1" type="stmt"/>
            <line num="408" count="1" type="stmt"/>
            <line num="410" count="1" type="stmt"/>
            <line num="422" count="1" complexity="4" type="method" signature="setStates(Set&lt;CharacterState&gt;) : CharacterStateCell"/>
            <line num="423" count="1" type="stmt"/>
            <line num="425" count="1" type="stmt"/>
            <line num="425" falsecount="1" type="cond" truecount="1"/>
            <line num="426" count="1" type="stmt"/>
            <line num="429" count="1" type="stmt"/>
            <line num="429" falsecount="1" type="cond" truecount="1"/>
            <line num="430" count="1" type="stmt"/>
            <line num="433" count="1" type="stmt"/>
            <line num="434" count="1" type="stmt"/>
            <line num="437" count="1" type="stmt"/>
            <line num="439" count="1" type="stmt"/>
            <line num="441" count="1" type="stmt"/>
            <line num="441" falsecount="1" type="cond" truecount="1"/>
            <line num="442" count="1" type="stmt"/>
            <line num="444" count="1" type="stmt"/>
            <line num="445" count="1" type="stmt"/>
            <line num="455" count="1" complexity="2" type="method" signature="setType(CharacterStateCell.Type) : CharacterStateCell"/>
            <line num="456" count="1" type="stmt"/>
            <line num="457" count="1" type="stmt"/>
            <line num="457" falsecount="1" type="cond" truecount="0"/>
            <line num="458" count="1" type="stmt"/>
            <line num="459" count="1" type="stmt"/>
            <line num="461" count="1" type="stmt"/>
            <line num="493" count="1" complexity="1" type="method" signature="setTypeAndStates(Type,Set&lt;CharacterState&gt;) : CharacterStateCell"/>
            <line num="495" count="1" type="stmt"/>
            <line num="496" count="1" type="stmt"/>
            <line num="497" count="1" type="stmt"/>
            <line num="499" count="1" type="stmt"/>
            <line num="500" count="1" type="stmt"/>
            <line num="501" count="1" type="stmt"/>
            <line num="510" count="1" complexity="2" type="method" signature="setTypeAndXmlStates(Type,Set&lt;CharacterState&gt;) : CharacterStateCell"/>
            <line num="512" count="1" type="stmt"/>
            <line num="513" count="1" type="stmt"/>
            <line num="514" falsecount="0" type="cond" truecount="1"/>
            <line num="515" count="1" type="stmt"/>
            <line num="516" count="1" type="stmt"/>
            <line num="517" count="1" type="stmt"/>
            <line num="523" count="1" complexity="1" type="method" signature="setXmlStatesNeedsToBePutIntoStates(boolean) : CharacterStateCell"/>
            <line num="525" count="1" type="stmt"/>
            <line num="526" count="1" type="stmt"/>
            <line num="534" count="1" complexity="1" type="method" signature="toString() : String"/>
            <line num="536" count="1" type="stmt"/>
            <line num="538" count="1" type="stmt"/>
            <line num="540" count="1" type="stmt"/>
            <line num="544" count="1" type="stmt"/>
         </file>
         <file name="CharacterStateMatrix.java" path="/home/tomcat/hudson/jobs/pPOD-0.2-SNAPSHOT-CheckIn/workspace/trunk/cdm/src/main/java/edu/upenn/cis/ppod/model/CharacterStateMatrix.java">
            <metrics classes="1" methods="31" conditionals="62" ncloc="362" coveredstatements="115" coveredmethods="26" complexity="66" coveredconditionals="42" statements="144" loc="735" coveredelements="183" elements="237"/>
            <class name="CharacterStateMatrix">
               <metrics methods="31" conditionals="62" coveredstatements="115" coveredmethods="26" complexity="66" coveredconditionals="42" statements="144" coveredelements="183" elements="237"/>
            </class>
            <line num="184" count="1" complexity="1" type="method" signature="CharacterStateMatrix()"/>
            <line num="186" count="0" complexity="1" type="method" signature="accept(IVisitor) : CharacterStateMatrix"/>
            <line num="188" count="0" type="stmt"/>
            <line num="189" count="0" type="stmt"/>
            <line num="198" count="1" complexity="1" type="method" signature="addCharacter(Character) : Character"/>
            <line num="199" count="1" type="stmt"/>
            <line num="200" count="1" type="stmt"/>
            <line num="209" count="1" complexity="3" type="method" signature="afterUnmarshal(Unmarshaller,Object) : void"/>
            <line num="210" count="1" type="stmt"/>
            <line num="210" falsecount="0" type="cond" truecount="1"/>
            <line num="211" count="1" type="stmt"/>
            <line num="214" count="1" type="stmt"/>
            <line num="214" falsecount="0" type="cond" truecount="1"/>
            <line num="215" count="1" type="stmt"/>
            <line num="216" count="1" type="stmt"/>
            <line num="217" count="1" type="stmt"/>
            <line num="220" count="1" type="stmt"/>
            <line num="225" count="0" complexity="2" type="method" signature="beforeMarshal(Marshaller) : boolean"/>
            <line num="227" count="0" type="stmt"/>
            <line num="228" count="0" type="stmt"/>
            <line num="229" count="0" type="stmt"/>
            <line num="229" falsecount="0" type="cond" truecount="0"/>
            <line num="230" count="0" type="stmt"/>
            <line num="232" count="0" type="stmt"/>
            <line num="235" count="0" type="stmt"/>
            <line num="243" count="1" complexity="1" type="method" signature="clearCharacters() : List&lt;Character&gt;"/>
            <line num="244" count="1" type="stmt"/>
            <line num="245" count="1" type="stmt"/>
            <line num="246" count="1" type="stmt"/>
            <line num="247" count="1" type="stmt"/>
            <line num="257" count="1" complexity="3" type="method" signature="getCharacter(int) : Character"/>
            <line num="258" count="1" type="stmt"/>
            <line num="258" falsecount="1" type="cond" truecount="0"/>
            <line num="259" count="0" type="stmt"/>
            <line num="261" count="1" type="stmt"/>
            <line num="271" count="0" complexity="2" type="method" signature="getCharacterByPPodId(String) : Character"/>
            <line num="272" count="0" type="stmt"/>
            <line num="273" count="0" type="stmt"/>
            <line num="273" falsecount="0" type="cond" truecount="0"/>
            <line num="274" count="0" type="stmt"/>
            <line num="277" count="0" type="stmt"/>
            <line num="287" count="1" complexity="1" type="method" signature="getCharacterIdx() : Map&lt;Character, Integer&gt;"/>
            <line num="288" count="1" type="stmt"/>
            <line num="298" count="1" complexity="1" type="method" signature="getCharacterIdx(Character) : Integer"/>
            <line num="299" count="1" type="stmt"/>
            <line num="300" count="1" type="stmt"/>
            <line num="308" count="1" complexity="1" type="method" signature="getCharacters() : List&lt;Character&gt;"/>
            <line num="309" count="1" type="stmt"/>
            <line num="317" count="1" complexity="1" type="method" signature="getColumnPPodVersionInfos() : List&lt;PPodVersionInfo&gt;"/>
            <line num="318" count="1" type="stmt"/>
            <line num="328" count="0" complexity="1" type="method" signature="getColumnPPodVersions() : List&lt;Long&gt;"/>
            <line num="329" count="0" type="stmt"/>
            <line num="337" count="1" complexity="1" type="method" signature="getDescription() : String"/>
            <line num="338" count="1" type="stmt"/>
            <line num="346" count="1" complexity="1" type="method" signature="getLabel() : String"/>
            <line num="347" count="1" type="stmt"/>
            <line num="355" count="1" complexity="2" type="method" signature="getOTUIdx() : Map&lt;OTU, Integer&gt;"/>
            <line num="358" count="1" type="stmt"/>
            <line num="358" falsecount="1" type="cond" truecount="0"/>
            <line num="359" count="0" type="stmt"/>
            <line num="360" count="0" type="stmt"/>
            <line num="361" count="0" type="stmt"/>
            <line num="364" count="1" type="stmt"/>
            <line num="373" count="1" complexity="1" type="method" signature="getOTUs() : List&lt;OTU&gt;"/>
            <line num="374" count="1" type="stmt"/>
            <line num="382" count="1" complexity="1" type="method" signature="getOTUSet() : OTUSet"/>
            <line num="383" count="1" type="stmt"/>
            <line num="393" count="1" complexity="3" type="method" signature="getRow(int) : CharacterStateRow"/>
            <line num="394" count="1" type="stmt"/>
            <line num="394" falsecount="1" type="cond" truecount="0"/>
            <line num="395" count="0" type="stmt"/>
            <line num="397" count="1" type="stmt"/>
            <line num="405" count="1" complexity="1" type="method" signature="getRows() : List&lt;CharacterStateRow&gt;"/>
            <line num="406" count="1" type="stmt"/>
            <line num="414" count="1" complexity="3" type="method" signature="removeLastCharacter() : Character"/>
            <line num="415" count="1" type="stmt"/>
            <line num="416" count="1" type="stmt"/>
            <line num="416" falsecount="1" type="cond" truecount="0"/>
            <line num="418" count="0" type="stmt"/>
            <line num="420" count="1" type="stmt"/>
            <line num="421" count="1" type="stmt"/>
            <line num="423" count="1" type="stmt"/>
            <line num="428" count="1" type="stmt"/>
            <line num="428" falsecount="0" type="cond" truecount="1"/>
            <line num="429" count="1" type="stmt"/>
            <line num="431" count="1" type="stmt"/>
            <line num="432" count="1" type="stmt"/>
            <line num="440" count="0" complexity="2" type="method" signature="removeLastRow() : CharacterStateRow"/>
            <line num="441" count="0" type="stmt"/>
            <line num="441" falsecount="0" type="cond" truecount="0"/>
            <line num="442" count="0" type="stmt"/>
            <line num="443" count="0" type="stmt"/>
            <line num="445" count="0" type="stmt"/>
            <line num="458" count="1" complexity="2" type="method" signature="resetColumnPPodVersion(int) : CharacterStateMatrix"/>
            <line num="459" count="1" type="stmt"/>
            <line num="459" falsecount="1" type="cond" truecount="0"/>
            <line num="460" count="0" type="stmt"/>
            <line num="462" count="1" type="stmt"/>
            <line num="463" count="1" type="stmt"/>
            <line num="472" count="1" complexity="3" type="method" signature="resetPPodVersionInfo() : CharacterStateMatrix"/>
            <line num="474" count="1" type="stmt"/>
            <line num="474" falsecount="0" type="cond" truecount="1"/>
            <line num="477" count="0" type="stmt"/>
            <line num="477" falsecount="0" type="cond" truecount="0"/>
            <line num="478" count="0" type="stmt"/>
            <line num="480" count="0" type="stmt"/>
            <line num="482" count="1" type="stmt"/>
            <line num="500" count="1" complexity="6" type="method" signature="setCharacter(int,Character) : Character"/>
            <line num="502" count="1" type="stmt"/>
            <line num="503" count="1" type="stmt"/>
            <line num="503" falsecount="1" type="cond" truecount="1"/>
            <line num="506" count="1" type="stmt"/>
            <line num="508" count="1" type="stmt"/>
            <line num="508" falsecount="1" type="cond" truecount="1"/>
            <line num="509" count="1" type="stmt"/>
            <line num="510" count="1" type="stmt"/>
            <line num="512" count="1" type="stmt"/>
            <line num="513" count="1" type="stmt"/>
            <line num="513" falsecount="1" type="cond" truecount="1"/>
            <line num="514" count="1" type="stmt"/>
            <line num="515" count="1" type="stmt"/>
            <line num="517" count="1" type="stmt"/>
            <line num="518" count="1" type="stmt"/>
            <line num="518" falsecount="1" type="cond" truecount="1"/>
            <line num="519" count="1" type="stmt"/>
            <line num="521" count="1" type="stmt"/>
            <line num="522" count="1" type="stmt"/>
            <line num="523" count="1" type="stmt"/>
            <line num="526" count="1" type="stmt"/>
            <line num="528" count="1" type="stmt"/>
            <line num="538" count="1" complexity="2" type="method" signature="setDescription(String) : CharacterStateMatrix"/>
            <line num="539" count="1" type="stmt"/>
            <line num="539" falsecount="0" type="cond" truecount="1"/>
            <line num="542" count="0" type="stmt"/>
            <line num="543" count="0" type="stmt"/>
            <line num="545" count="1" type="stmt"/>
            <line num="555" count="1" complexity="2" type="method" signature="setLabel(String) : CharacterStateMatrix"/>
            <line num="556" count="1" type="stmt"/>
            <line num="557" count="1" type="stmt"/>
            <line num="557" falsecount="1" type="cond" truecount="0"/>
            <line num="560" count="1" type="stmt"/>
            <line num="561" count="1" type="stmt"/>
            <line num="563" count="1" type="stmt"/>
            <line num="588" count="1" complexity="9" type="method" signature="setOTUs(List&lt;OTU&gt;) : CharacterStateMatrix"/>
            <line num="589" count="1" type="stmt"/>
            <line num="589" falsecount="1" type="cond" truecount="1"/>
            <line num="591" count="1" type="stmt"/>
            <line num="594" count="1" type="stmt"/>
            <line num="594" falsecount="1" type="cond" truecount="1"/>
            <line num="598" count="1" type="stmt"/>
            <line num="606" count="1" type="stmt"/>
            <line num="608" count="1" type="stmt"/>
            <line num="608" falsecount="1" type="cond" truecount="1"/>
            <line num="609" count="1" type="stmt"/>
            <line num="612" count="1" type="stmt"/>
            <line num="613" count="1" type="stmt"/>
            <line num="614" count="1" type="stmt"/>
            <line num="614" falsecount="1" type="cond" truecount="1"/>
            <line num="617" count="1" type="stmt"/>
            <line num="619" count="1" type="stmt"/>
            <line num="622" count="1" type="stmt"/>
            <line num="623" count="1" type="stmt"/>
            <line num="624" count="1" type="stmt"/>
            <line num="624" falsecount="1" type="cond" truecount="1"/>
            <line num="625" count="1" type="stmt"/>
            <line num="626" count="1" type="stmt"/>
            <line num="627" count="1" type="stmt"/>
            <line num="628" count="1" type="stmt"/>
            <line num="628" falsecount="1" type="cond" truecount="1"/>
            <line num="629" count="1" type="stmt"/>
            <line num="631" count="1" type="stmt"/>
            <line num="636" count="1" type="stmt"/>
            <line num="636" falsecount="1" type="cond" truecount="1"/>
            <line num="637" count="1" type="stmt"/>
            <line num="640" count="1" type="stmt"/>
            <line num="641" count="1" type="stmt"/>
            <line num="652" count="1" complexity="2" type="method" signature="setOTUSet(OTUSet) : OTUSet"/>
            <line num="653" count="1" type="stmt"/>
            <line num="653" falsecount="1" type="cond" truecount="0"/>
            <line num="656" count="1" type="stmt"/>
            <line num="657" count="1" type="stmt"/>
            <line num="659" count="1" type="stmt"/>
            <line num="680" count="1" complexity="5" type="method" signature="setRow(int,CharacterStateRow) : CharacterStateRow"/>
            <line num="681" count="1" type="stmt"/>
            <line num="683" count="1" type="stmt"/>
            <line num="683" falsecount="1" type="cond" truecount="1"/>
            <line num="684" count="1" type="stmt"/>
            <line num="685" count="1" type="stmt"/>
            <line num="687" count="1" type="stmt"/>
            <line num="688" count="1" type="stmt"/>
            <line num="688" falsecount="1" type="cond" truecount="1"/>
            <line num="692" count="1" type="stmt"/>
            <line num="692" falsecount="1" type="cond" truecount="1"/>
            <line num="693" count="1" type="stmt"/>
            <line num="698" count="1" type="stmt"/>
            <line num="699" count="1" type="stmt"/>
            <line num="699" falsecount="1" type="cond" truecount="1"/>
            <line num="700" count="1" type="stmt"/>
            <line num="704" count="1" type="stmt"/>
            <line num="705" count="1" type="stmt"/>
            <line num="707" count="1" type="stmt"/>
            <line num="715" count="1" complexity="1" type="method" signature="toString() : String"/>
            <line num="717" count="1" type="stmt"/>
            <line num="719" count="1" type="stmt"/>
            <line num="721" count="1" type="stmt"/>
            <line num="732" count="1" type="stmt"/>
         </file>
         <file name="CharacterStateRow.java" path="/home/tomcat/hudson/jobs/pPOD-0.2-SNAPSHOT-CheckIn/workspace/trunk/cdm/src/main/java/edu/upenn/cis/ppod/model/CharacterStateRow.java">
            <metrics classes="1" methods="11" conditionals="8" ncloc="109" coveredstatements="26" coveredmethods="10" complexity="15" coveredconditionals="3" statements="37" loc="238" coveredelements="39" elements="56"/>
            <class name="CharacterStateRow">
               <metrics methods="11" conditionals="8" coveredstatements="26" coveredmethods="10" complexity="15" coveredconditionals="3" statements="37" coveredelements="39" elements="56"/>
            </class>
            <line num="88" count="1" complexity="1" type="method" signature="getCellIdx() : Map&lt;CharacterStateCell, Integer&gt;"/>
            <line num="89" count="1" type="stmt"/>
            <line num="100" count="1" complexity="1" type="method" signature="CharacterStateRow()"/>
            <line num="114" count="1" complexity="3" type="method" signature="addCell(CharacterStateCell) : CharacterStateCell"/>
            <line num="115" count="1" type="stmt"/>
            <line num="116" count="1" type="stmt"/>
            <line num="116" falsecount="1" type="cond" truecount="0"/>
            <line num="117" count="0" type="stmt"/>
            <line num="120" count="1" type="stmt"/>
            <line num="120" falsecount="1" type="cond" truecount="0"/>
            <line num="121" count="0" type="stmt"/>
            <line num="124" count="1" type="stmt"/>
            <line num="125" count="1" type="stmt"/>
            <line num="126" count="1" type="stmt"/>
            <line num="127" count="1" type="stmt"/>
            <line num="128" count="1" type="stmt"/>
            <line num="137" count="1" complexity="1" type="method" signature="afterUnmarshal(Unmarshaller,Object) : void"/>
            <line num="138" count="1" type="stmt"/>
            <line num="139" count="1" type="stmt"/>
            <line num="140" count="1" type="stmt"/>
            <line num="141" count="1" type="stmt"/>
            <line num="151" count="1" complexity="1" type="method" signature="clearCells() : List&lt;CharacterStateCell&gt;"/>
            <line num="152" count="1" type="stmt"/>
            <line num="153" count="1" type="stmt"/>
            <line num="154" count="1" type="stmt"/>
            <line num="162" count="1" complexity="1" type="method" signature="getCells() : List&lt;CharacterStateCell&gt;"/>
            <line num="163" count="1" type="stmt"/>
            <line num="171" count="1" complexity="1" type="method" signature="getMatrix() : CharacterStateMatrix"/>
            <line num="172" count="1" type="stmt"/>
            <line num="181" count="0" complexity="2" type="method" signature="removeLastCell() : CharacterStateCell"/>
            <line num="182" count="0" type="stmt"/>
            <line num="182" falsecount="0" type="cond" truecount="0"/>
            <line num="184" count="0" type="stmt"/>
            <line num="186" count="0" type="stmt"/>
            <line num="188" count="0" type="stmt"/>
            <line num="189" count="0" type="stmt"/>
            <line num="190" count="0" type="stmt"/>
            <line num="191" count="0" type="stmt"/>
            <line num="199" count="1" complexity="2" type="method" signature="resetPPodVersionInfo() : CharacterStateRow"/>
            <line num="201" count="1" type="stmt"/>
            <line num="201" falsecount="0" type="cond" truecount="1"/>
            <line num="202" count="0" type="stmt"/>
            <line num="203" count="0" type="stmt"/>
            <line num="205" count="1" type="stmt"/>
            <line num="216" count="1" complexity="1" type="method" signature="setMatrix(CharacterStateMatrix) : CharacterStateRow"/>
            <line num="217" count="1" type="stmt"/>
            <line num="218" count="1" type="stmt"/>
            <line num="226" count="1" complexity="1" type="method" signature="toString() : String"/>
            <line num="228" count="1" type="stmt"/>
            <line num="230" count="1" type="stmt"/>
            <line num="232" count="1" type="stmt"/>
            <line num="235" count="1" type="stmt"/>
         </file>
         <file name="DNACharacter.java" path="/home/tomcat/hudson/jobs/pPOD-0.2-SNAPSHOT-CheckIn/workspace/trunk/cdm/src/main/java/edu/upenn/cis/ppod/model/DNACharacter.java">
            <metrics classes="1" methods="4" conditionals="0" ncloc="40" coveredstatements="0" coveredmethods="0" complexity="4" coveredconditionals="0" statements="10" loc="83" coveredelements="0" elements="14"/>
            <class name="DNACharacter">
               <metrics methods="4" conditionals="0" coveredstatements="0" coveredmethods="0" complexity="4" coveredconditionals="0" statements="10" coveredelements="0" elements="14"/>
            </class>
            <line num="50" count="0" complexity="1" type="method" signature="DNACharacter()"/>
            <line num="51" count="0" type="stmt"/>
            <line num="52" count="0" type="stmt"/>
            <line num="53" count="0" type="stmt"/>
            <line num="54" count="0" type="stmt"/>
            <line num="55" count="0" type="stmt"/>
            <line num="58" count="0" complexity="1" type="method" signature="addState(CharacterState) : CharacterState"/>
            <line num="64" count="0" type="stmt"/>
            <line num="67" count="0" complexity="1" type="method" signature="getStates() : Map&lt;Integer, CharacterState&gt;"/>
            <line num="69" count="0" type="stmt"/>
            <line num="74" count="0" type="stmt"/>
            <line num="77" count="0" complexity="1" type="method" signature="setLabel(String) : Character"/>
            <line num="79" count="0" type="stmt"/>
            <line num="80" count="0" type="stmt"/>
         </file>
         <file name="DNAState.java" path="/home/tomcat/hudson/jobs/pPOD-0.2-SNAPSHOT-CheckIn/workspace/trunk/cdm/src/main/java/edu/upenn/cis/ppod/model/DNAState.java">
            <metrics classes="1" methods="8" conditionals="8" ncloc="66" coveredstatements="0" coveredmethods="0" complexity="12" coveredconditionals="0" statements="18" loc="126" coveredelements="0" elements="34"/>
            <class name="DNAState">
               <metrics methods="8" conditionals="8" coveredstatements="0" coveredmethods="0" complexity="12" coveredconditionals="0" statements="18" coveredelements="0" elements="34"/>
            </class>
            <line num="57" count="0" complexity="1" type="method" signature="DNAState()"/>
            <line num="59" count="0" complexity="5" type="method" signature="DNAState(String)"/>
            <line num="60" count="0" type="stmt"/>
            <line num="61" count="0" type="stmt"/>
            <line num="62" count="0" type="stmt"/>
            <line num="62" falsecount="0" type="cond" truecount="0"/>
            <line num="64" count="0" type="stmt"/>
            <line num="65" count="0" type="stmt"/>
            <line num="65" falsecount="0" type="cond" truecount="0"/>
            <line num="67" count="0" type="stmt"/>
            <line num="68" count="0" type="stmt"/>
            <line num="68" falsecount="0" type="cond" truecount="0"/>
            <line num="70" count="0" type="stmt"/>
            <line num="71" count="0" type="stmt"/>
            <line num="71" falsecount="0" type="cond" truecount="0"/>
            <line num="73" count="0" type="stmt"/>
            <line num="75" count="0" type="stmt"/>
            <line num="79" count="0" complexity="1" type="method" signature="getCharacter() : Character"/>
            <line num="81" count="0" type="stmt"/>
            <line num="84" count="0" complexity="1" type="method" signature="getLabel() : String"/>
            <line num="86" count="0" type="stmt"/>
            <line num="89" count="0" complexity="1" type="method" signature="getStateNumber() : Integer"/>
            <line num="91" count="0" type="stmt"/>
            <line num="94" count="0" complexity="1" type="method" signature="setCharacter(Character) : DNAState"/>
            <line num="96" count="0" type="stmt"/>
            <line num="97" count="0" type="stmt"/>
            <line num="108" count="0" complexity="1" type="method" signature="setLabel(String) : DNAState"/>
            <line num="110" count="0" type="stmt"/>
            <line num="122" count="0" complexity="1" type="method" signature="setStateNumber(Integer) : DNAState"/>
            <line num="123" count="0" type="stmt"/>
         </file>
         <file name="IAttachee.java" path="/home/tomcat/hudson/jobs/pPOD-0.2-SNAPSHOT-CheckIn/workspace/trunk/cdm/src/main/java/edu/upenn/cis/ppod/model/IAttachee.java">
            <metrics classes="1" methods="0" conditionals="0" ncloc="10" coveredstatements="0" coveredmethods="0" complexity="0" coveredconditionals="0" statements="0" loc="68" coveredelements="0" elements="0"/>
            <class name="IAttachee">
               <metrics methods="0" conditionals="0" coveredstatements="0" coveredmethods="0" complexity="0" coveredconditionals="0" statements="0" coveredelements="0" elements="0"/>
            </class>
         </file>
         <file name="IPPodVersioned.java" path="/home/tomcat/hudson/jobs/pPOD-0.2-SNAPSHOT-CheckIn/workspace/trunk/cdm/src/main/java/edu/upenn/cis/ppod/model/IPPodVersioned.java">
            <metrics classes="1" methods="0" conditionals="0" ncloc="5" coveredstatements="0" coveredmethods="0" complexity="0" coveredconditionals="0" statements="0" loc="44" coveredelements="0" elements="0"/>
            <class name="IPPodVersioned">
               <metrics methods="0" conditionals="0" coveredstatements="0" coveredmethods="0" complexity="0" coveredconditionals="0" statements="0" coveredelements="0" elements="0"/>
            </class>
         </file>
         <file name="IPersistentObject.java" path="/home/tomcat/hudson/jobs/pPOD-0.2-SNAPSHOT-CheckIn/workspace/trunk/cdm/src/main/java/edu/upenn/cis/ppod/model/IPersistentObject.java">
            <metrics classes="1" methods="0" conditionals="0" ncloc="6" coveredstatements="0" coveredmethods="0" complexity="0" coveredconditionals="0" statements="0" loc="41" coveredelements="0" elements="0"/>
            <class name="IPersistentObject">
               <metrics methods="0" conditionals="0" coveredstatements="0" coveredmethods="0" complexity="0" coveredconditionals="0" statements="0" coveredelements="0" elements="0"/>
            </class>
         </file>
         <file name="IUUPPodEntity.java" path="/home/tomcat/hudson/jobs/pPOD-0.2-SNAPSHOT-CheckIn/workspace/trunk/cdm/src/main/java/edu/upenn/cis/ppod/model/IUUPPodEntity.java">
            <metrics classes="1" methods="1" conditionals="0" ncloc="12" coveredstatements="0" coveredmethods="0" complexity="1" coveredconditionals="0" statements="1" loc="69" coveredelements="0" elements="2"/>
            <class name="IUUPPodEntity">
               <metrics methods="1" conditionals="0" coveredstatements="0" coveredmethods="0" complexity="1" coveredconditionals="0" statements="1" coveredelements="0" elements="2"/>
            </class>
            <line num="32" count="0" complexity="1" type="method" signature="apply(IUUPPodEntity) : String"/>
            <line num="33" count="0" type="stmt"/>
         </file>
         <file name="MolecularSequence.java" path="/home/tomcat/hudson/jobs/pPOD-0.2-SNAPSHOT-CheckIn/workspace/trunk/cdm/src/main/java/edu/upenn/cis/ppod/model/MolecularSequence.java">
            <metrics classes="1" methods="3" conditionals="0" ncloc="24" coveredstatements="0" coveredmethods="0" complexity="3" coveredconditionals="0" statements="6" loc="67" coveredelements="0" elements="9"/>
            <class name="MolecularSequence">
               <metrics methods="3" conditionals="0" coveredstatements="0" coveredmethods="0" complexity="3" coveredconditionals="0" statements="6" coveredelements="0" elements="9"/>
            </class>
            <line num="36" count="0" complexity="1" type="method" signature="getSequence() : String"/>
            <line num="37" count="0" type="stmt"/>
            <line num="40" count="0" complexity="1" type="method" signature="putCellByCharStateIndex(Integer,CharacterStateCell) : MolecularSequence"/>
            <line num="42" count="0" type="stmt"/>
            <line num="43" count="0" type="stmt"/>
            <line num="44" count="0" type="stmt"/>
            <line num="47" count="0" complexity="1" type="method" signature="setSequence(String) : MolecularSequence"/>
            <line num="48" count="0" type="stmt"/>
            <line num="49" count="0" type="stmt"/>
         </file>
         <file name="OTU.java" path="/home/tomcat/hudson/jobs/pPOD-0.2-SNAPSHOT-CheckIn/workspace/trunk/cdm/src/main/java/edu/upenn/cis/ppod/model/OTU.java">
            <metrics classes="1" methods="11" conditionals="6" ncloc="83" coveredstatements="18" coveredmethods="9" complexity="14" coveredconditionals="3" statements="24" loc="201" coveredelements="30" elements="41"/>
            <class name="OTU">
               <metrics methods="11" conditionals="6" coveredstatements="18" coveredmethods="9" complexity="14" coveredconditionals="3" statements="24" coveredelements="30" elements="41"/>
            </class>
            <line num="52" count="1" complexity="1" type="method" signature="apply(OTU) : String"/>
            <line num="53" count="1" type="stmt"/>
            <line num="82" count="1" complexity="1" type="method" signature="OTU()"/>
            <line num="84" count="0" complexity="1" type="method" signature="accept(IVisitor) : OTU"/>
            <line num="86" count="0" type="stmt"/>
            <line num="87" count="0" type="stmt"/>
            <line num="99" count="1" complexity="1" type="method" signature="addOTUSet(OTUSet) : void"/>
            <line num="100" count="1" type="stmt"/>
            <line num="101" count="1" type="stmt"/>
            <line num="110" count="1" complexity="2" type="method" signature="afterUnmarshal(Unmarshaller,Object) : void"/>
            <line num="111" count="1" type="stmt"/>
            <line num="111" falsecount="0" type="cond" truecount="1"/>
            <line num="112" count="1" type="stmt"/>
            <line num="121" count="1" complexity="1" type="method" signature="getLabel() : String"/>
            <line num="122" count="1" type="stmt"/>
            <line num="133" count="0" complexity="1" type="method" signature="getOTUSets() : Set&lt;OTUSet&gt;"/>
            <line num="134" count="0" type="stmt"/>
            <line num="146" count="1" complexity="1" type="method" signature="removeOtuSet(OTUSet) : void"/>
            <line num="147" count="1" type="stmt"/>
            <line num="148" count="1" type="stmt"/>
            <line num="158" count="1" complexity="2" type="method" signature="resetPPodVersionInfo() : OTU"/>
            <line num="160" count="1" type="stmt"/>
            <line num="160" falsecount="0" type="cond" truecount="1"/>
            <line num="161" count="0" type="stmt"/>
            <line num="162" count="0" type="stmt"/>
            <line num="164" count="0" type="stmt"/>
            <line num="166" count="1" type="stmt"/>
            <line num="176" count="1" complexity="2" type="method" signature="setLabel(String) : OTU"/>
            <line num="177" count="1" type="stmt"/>
            <line num="178" count="1" type="stmt"/>
            <line num="178" falsecount="1" type="cond" truecount="0"/>
            <line num="181" count="1" type="stmt"/>
            <line num="182" count="1" type="stmt"/>
            <line num="184" count="1" type="stmt"/>
            <line num="193" count="1" complexity="1" type="method" signature="toString() : String"/>
            <line num="195" count="1" type="stmt"/>
            <line num="197" count="1" type="stmt"/>
            <line num="199" count="1" type="stmt"/>
         </file>
         <file name="OTUSet.java" path="/home/tomcat/hudson/jobs/pPOD-0.2-SNAPSHOT-CheckIn/workspace/trunk/cdm/src/main/java/edu/upenn/cis/ppod/model/OTUSet.java">
            <metrics classes="1" methods="21" conditionals="28" ncloc="206" coveredstatements="27" coveredmethods="10" complexity="35" coveredconditionals="6" statements="79" loc="445" coveredelements="43" elements="128"/>
            <class name="OTUSet">
               <metrics methods="21" conditionals="28" coveredstatements="27" coveredmethods="10" complexity="35" coveredconditionals="6" statements="79" coveredelements="43" elements="128"/>
            </class>
            <line num="115" count="1" complexity="1" type="method" signature="OTUSet()"/>
            <line num="117" count="0" complexity="1" type="method" signature="accept(IVisitor) : OTUSet"/>
            <line num="119" count="0" type="stmt"/>
            <line num="120" count="0" type="stmt"/>
            <line num="121" count="0" type="stmt"/>
            <line num="123" count="0" type="stmt"/>
            <line num="124" count="0" type="stmt"/>
            <line num="126" count="0" type="stmt"/>
            <line num="127" count="0" type="stmt"/>
            <line num="129" count="0" type="stmt"/>
            <line num="139" count="1" complexity="2" type="method" signature="addMatrix(CharacterStateMatrix) : CharacterStateMatrix"/>
            <line num="140" count="1" type="stmt"/>
            <line num="141" count="1" type="stmt"/>
            <line num="141" falsecount="0" type="cond" truecount="1"/>
            <line num="142" count="1" type="stmt"/>
            <line num="143" count="1" type="stmt"/>
            <line num="145" count="1" type="stmt"/>
            <line num="169" count="1" complexity="3" type="method" signature="addOTU(OTU) : OTUSet"/>
            <line num="170" count="1" type="stmt"/>
            <line num="171" count="1" type="stmt"/>
            <line num="171" falsecount="1" type="cond" truecount="0"/>
            <line num="173" count="0" type="stmt"/>
            <line num="176" count="1" type="stmt"/>
            <line num="176" falsecount="0" type="cond" truecount="1"/>
            <line num="177" count="1" type="stmt"/>
            <line num="178" count="1" type="stmt"/>
            <line num="180" count="1" type="stmt"/>
            <line num="193" count="0" complexity="2" type="method" signature="addTreeSet(TreeSet) : TreeSet"/>
            <line num="194" count="0" type="stmt"/>
            <line num="195" count="0" type="stmt"/>
            <line num="195" falsecount="0" type="cond" truecount="0"/>
            <line num="198" count="0" type="stmt"/>
            <line num="199" count="0" type="stmt"/>
            <line num="200" count="0" type="stmt"/>
            <line num="202" count="0" type="stmt"/>
            <line num="211" count="1" complexity="2" type="method" signature="afterUnmarshal(Unmarshaller,Object) : void"/>
            <line num="212" count="1" type="stmt"/>
            <line num="212" falsecount="0" type="cond" truecount="1"/>
            <line num="218" count="1" type="stmt"/>
            <line num="227" count="0" complexity="1" type="method" signature="clearOTUs() : Set&lt;OTU&gt;"/>
            <line num="228" count="0" type="stmt"/>
            <line num="229" count="0" type="stmt"/>
            <line num="230" count="0" type="stmt"/>
            <line num="238" count="0" complexity="1" type="method" signature="getDescription() : String"/>
            <line num="239" count="0" type="stmt"/>
            <line num="247" count="1" complexity="1" type="method" signature="getLabel() : String"/>
            <line num="248" count="1" type="stmt"/>
            <line num="257" count="1" complexity="1" type="method" signature="getMatrices() : Set&lt;CharacterStateMatrix&gt;"/>
            <line num="258" count="1" type="stmt"/>
            <line num="270" count="0" complexity="2" type="method" signature="getOTUByPPodId(String) : OTU"/>
            <line num="271" count="0" type="stmt"/>
            <line num="271" falsecount="0" type="cond" truecount="0"/>
            <line num="272" count="0" type="stmt"/>
            <line num="274" count="0" type="stmt"/>
            <line num="284" count="1" complexity="1" type="method" signature="getOTUs() : Set&lt;OTU&gt;"/>
            <line num="285" count="1" type="stmt"/>
            <line num="293" count="0" complexity="1" type="method" signature="getTreeSets() : Set&lt;TreeSet&gt;"/>
            <line num="294" count="0" type="stmt"/>
            <line num="306" count="0" complexity="2" type="method" signature="removeMatrix(CharacterStateMatrix) : boolean"/>
            <line num="307" count="0" type="stmt"/>
            <line num="308" count="0" type="stmt"/>
            <line num="308" falsecount="0" type="cond" truecount="0"/>
            <line num="309" count="0" type="stmt"/>
            <line num="310" count="0" type="stmt"/>
            <line num="311" count="0" type="stmt"/>
            <line num="313" count="0" type="stmt"/>
            <line num="332" count="1" complexity="2" type="method" signature="removeOTU(OTU) : OTU"/>
            <line num="333" count="1" type="stmt"/>
            <line num="334" count="1" type="stmt"/>
            <line num="334" falsecount="0" type="cond" truecount="1"/>
            <line num="335" count="1" type="stmt"/>
            <line num="336" count="1" type="stmt"/>
            <line num="338" count="1" type="stmt"/>
            <line num="350" count="0" complexity="2" type="method" signature="removeTreeSet(TreeSet) : boolean"/>
            <line num="351" count="0" type="stmt"/>
            <line num="352" count="0" type="stmt"/>
            <line num="352" falsecount="0" type="cond" truecount="0"/>
            <line num="353" count="0" type="stmt"/>
            <line num="354" count="0" type="stmt"/>
            <line num="355" count="0" type="stmt"/>
            <line num="357" count="0" type="stmt"/>
            <line num="370" count="1" complexity="3" type="method" signature="resetPPodVersionInfo() : OTUSet"/>
            <line num="372" count="1" type="stmt"/>
            <line num="372" falsecount="0" type="cond" truecount="1"/>
            <line num="373" count="0" type="stmt"/>
            <line num="373" falsecount="0" type="cond" truecount="0"/>
            <line num="374" count="0" type="stmt"/>
            <line num="376" count="0" type="stmt"/>
            <line num="378" count="1" type="stmt"/>
            <line num="388" count="0" complexity="2" type="method" signature="setDescription(String) : OTUSet"/>
            <line num="389" count="0" type="stmt"/>
            <line num="389" falsecount="0" type="cond" truecount="0"/>
            <line num="390" count="0" type="stmt"/>
            <line num="391" count="0" type="stmt"/>
            <line num="393" count="0" type="stmt"/>
            <line num="403" count="0" complexity="2" type="method" signature="setLabel(String) : OTUSet"/>
            <line num="404" count="0" type="stmt"/>
            <line num="405" count="0" type="stmt"/>
            <line num="405" falsecount="0" type="cond" truecount="0"/>
            <line num="408" count="0" type="stmt"/>
            <line num="409" count="0" type="stmt"/>
            <line num="411" count="0" type="stmt"/>
            <line num="414" count="0" complexity="2" type="method" signature="setStudy(Study) : OTUSet"/>
            <line num="415" count="0" type="stmt"/>
            <line num="416" count="0" type="stmt"/>
            <line num="416" falsecount="0" type="cond" truecount="0"/>
            <line num="419" count="0" type="stmt"/>
            <line num="420" count="0" type="stmt"/>
            <line num="423" count="0" type="stmt"/>
            <line num="432" count="1" complexity="1" type="method" signature="toString() : String"/>
            <line num="434" count="1" type="stmt"/>
            <line num="436" count="1" type="stmt"/>
            <line num="438" count="1" type="stmt"/>
            <line num="443" count="1" type="stmt"/>
         </file>
         <file name="PPodEntity.java" path="/home/tomcat/hudson/jobs/pPOD-0.2-SNAPSHOT-CheckIn/workspace/trunk/cdm/src/main/java/edu/upenn/cis/ppod/model/PPodEntity.java">
            <metrics classes="1" methods="16" conditionals="20" ncloc="153" coveredstatements="20" coveredmethods="8" complexity="26" coveredconditionals="4" statements="45" loc="234" coveredelements="32" elements="81"/>
            <class name="PPodEntity">
               <metrics methods="16" conditionals="20" coveredstatements="20" coveredmethods="8" complexity="26" coveredconditionals="4" statements="45" coveredelements="32" elements="81"/>
            </class>
            <line num="88" count="1" complexity="1" type="method" signature="PPodEntity()"/>
            <line num="90" count="1" complexity="2" type="method" signature="addAttachment(Attachment) : PPodEntity"/>
            <line num="91" count="1" type="stmt"/>
            <line num="91" falsecount="0" type="cond" truecount="1"/>
            <line num="92" count="1" type="stmt"/>
            <line num="94" count="1" type="stmt"/>
            <line num="95" count="1" type="stmt"/>
            <line num="96" count="1" type="stmt"/>
            <line num="105" count="0" complexity="2" type="method" signature="beforeMarshal(Marshaller) : boolean"/>
            <line num="107" count="0" type="stmt"/>
            <line num="107" falsecount="0" type="cond" truecount="0"/>
            <line num="108" count="0" type="stmt"/>
            <line num="110" count="0" type="stmt"/>
            <line num="113" count="0" complexity="3" type="method" signature="getAttachmentByPPodId(String) : Attachment"/>
            <line num="114" count="0" type="stmt"/>
            <line num="114" falsecount="0" type="cond" truecount="0"/>
            <line num="115" count="0" type="stmt"/>
            <line num="117" count="0" type="stmt"/>
            <line num="117" falsecount="0" type="cond" truecount="0"/>
            <line num="118" count="0" type="stmt"/>
            <line num="120" count="0" type="stmt"/>
            <line num="124" count="1" complexity="2" type="method" signature="getAttachments() : Set&lt;Attachment&gt;"/>
            <line num="125" count="1" type="stmt"/>
            <line num="125" falsecount="1" type="cond" truecount="0"/>
            <line num="126" count="0" type="stmt"/>
            <line num="128" count="1" type="stmt"/>
            <line num="132" count="0" complexity="2" type="method" signature="getAttachmentsByNamespace(String) : Set&lt;Attachment&gt;"/>
            <line num="133" count="0" type="stmt"/>
            <line num="134" count="0" type="stmt"/>
            <line num="135" count="0" type="stmt"/>
            <line num="135" falsecount="0" type="cond" truecount="0"/>
            <line num="137" count="0" type="stmt"/>
            <line num="140" count="0" type="stmt"/>
            <line num="143" count="0" complexity="1" type="method" signature="getAttachmentsByNamespaceAndType(String,String) : Set&lt;Attachment&gt;"/>
            <line num="145" count="0" type="stmt"/>
            <line num="147" count="0" complexity="1" type="method" signature="apply(Attachment) : boolean"/>
            <line num="148" count="0" type="stmt"/>
            <line num="155" count="1" complexity="2" type="method" signature="getAttachmentsByStringValue(String) : Set&lt;Attachment&gt;"/>
            <line num="156" count="1" type="stmt"/>
            <line num="156" falsecount="0" type="cond" truecount="1"/>
            <line num="157" count="1" type="stmt"/>
            <line num="159" count="0" type="stmt"/>
            <line num="163" count="0" complexity="3" type="method" signature="getPPodVersion() : Long"/>
            <line num="164" count="0" type="stmt"/>
            <line num="164" falsecount="0" type="cond" truecount="0"/>
            <line num="165" count="0" type="stmt"/>
            <line num="167" count="0" type="stmt"/>
            <line num="167" falsecount="0" type="cond" truecount="0"/>
            <line num="168" count="0" type="stmt"/>
            <line num="170" count="0" type="stmt"/>
            <line num="173" count="1" complexity="1" type="method" signature="getPPodVersionInfo() : PPodVersionInfo"/>
            <line num="174" count="1" type="stmt"/>
            <line num="177" count="0" complexity="1" type="method" signature="removeAttachment(Attachment) : boolean"/>
            <line num="178" count="0" type="stmt"/>
            <line num="190" count="1" complexity="2" type="method" signature="resetPPodVersionInfo() : PPodEntity"/>
            <line num="191" count="1" type="stmt"/>
            <line num="191" falsecount="1" type="cond" truecount="0"/>
            <line num="194" count="1" type="stmt"/>
            <line num="195" count="1" type="stmt"/>
            <line num="197" count="1" type="stmt"/>
            <line num="203" count="0" complexity="1" type="method" signature="suppressResetPPodVersionInfo(boolean) : PPodEntity"/>
            <line num="204" count="0" type="stmt"/>
            <line num="205" count="0" type="stmt"/>
            <line num="208" count="1" complexity="1" type="method" signature="setPPodVersionInfo(PPodVersionInfo) : PPodEntity"/>
            <line num="209" count="1" type="stmt"/>
            <line num="210" count="1" type="stmt"/>
            <line num="219" count="1" complexity="1" type="method" signature="toString() : String"/>
            <line num="221" count="1" type="stmt"/>
            <line num="223" count="1" type="stmt"/>
            <line num="225" count="1" type="stmt"/>
            <line num="231" count="1" type="stmt"/>
         </file>
         <file name="PPodEntityWXmlId.java" path="/home/tomcat/hudson/jobs/pPOD-0.2-SNAPSHOT-CheckIn/workspace/trunk/cdm/src/main/java/edu/upenn/cis/ppod/model/PPodEntityWXmlId.java">
            <metrics classes="1" methods="0" conditionals="0" ncloc="10" coveredstatements="0" coveredmethods="0" complexity="0" coveredconditionals="0" statements="0" loc="41" coveredelements="0" elements="0"/>
            <class name="PPodEntityWXmlId">
               <metrics methods="0" conditionals="0" coveredstatements="0" coveredmethods="0" complexity="0" coveredconditionals="0" statements="0" coveredelements="0" elements="0"/>
            </class>
         </file>
         <file name="PPodVersionInfo.java" path="/home/tomcat/hudson/jobs/pPOD-0.2-SNAPSHOT-CheckIn/workspace/trunk/cdm/src/main/java/edu/upenn/cis/ppod/model/PPodVersionInfo.java">
            <metrics classes="1" methods="6" conditionals="0" ncloc="54" coveredstatements="0" coveredmethods="1" complexity="6" coveredconditionals="0" statements="12" loc="138" coveredelements="1" elements="18"/>
            <class name="PPodVersionInfo">
               <metrics methods="6" conditionals="0" coveredstatements="0" coveredmethods="1" complexity="6" coveredconditionals="0" statements="12" coveredelements="1" elements="18"/>
            </class>
            <line num="69" count="1" complexity="1" type="method" signature="PPodVersionInfo()"/>
            <line num="76" count="0" complexity="1" type="method" signature="getCreated() : Date"/>
            <line num="77" count="0" type="stmt"/>
            <line num="85" count="0" complexity="1" type="method" signature="getPPodVersion() : Long"/>
            <line num="86" count="0" type="stmt"/>
            <line num="96" count="0" complexity="1" type="method" signature="setCreated(Date) : PPodVersionInfo"/>
            <line num="97" count="0" type="stmt"/>
            <line num="98" count="0" type="stmt"/>
            <line num="99" count="0" type="stmt"/>
            <line num="113" count="0" complexity="1" type="method" signature="setPPodVersion(Long) : PPodVersionInfo"/>
            <line num="114" count="0" type="stmt"/>
            <line num="115" count="0" type="stmt"/>
            <line num="116" count="0" type="stmt"/>
            <line num="124" count="0" complexity="1" type="method" signature="toString() : String"/>
            <line num="126" count="0" type="stmt"/>
            <line num="128" count="0" type="stmt"/>
            <line num="130" count="0" type="stmt"/>
            <line num="135" count="0" type="stmt"/>
         </file>
         <file name="PPodVersionInfoInterceptor.java" path="/home/tomcat/hudson/jobs/pPOD-0.2-SNAPSHOT-CheckIn/workspace/trunk/cdm/src/main/java/edu/upenn/cis/ppod/model/PPodVersionInfoInterceptor.java">
            <metrics classes="1" methods="7" conditionals="18" ncloc="104" coveredstatements="0" coveredmethods="0" complexity="17" coveredconditionals="0" statements="31" loc="195" coveredelements="0" elements="56"/>
            <class name="PPodVersionInfoInterceptor">
               <metrics methods="7" conditionals="18" coveredstatements="0" coveredmethods="0" complexity="17" coveredconditionals="0" statements="31" coveredelements="0" elements="56"/>
            </class>
            <line num="59" count="0" complexity="1" type="method" signature="PPodVersionInfoInterceptor(Provider&lt;PPodVersionInfo&gt;,HibernateDAOFactory.IFactory)"/>
            <line num="63" count="0" type="stmt"/>
            <line num="64" count="0" type="stmt"/>
            <line num="67" count="0" complexity="1" type="method" signature="afterTransactionCompletion(Transaction) : void"/>
            <line num="69" count="0" type="stmt"/>
            <line num="77" count="0" complexity="2" type="method" signature="initializePPodVersionInfo() : void"/>
            <line num="78" count="0" type="stmt"/>
            <line num="78" falsecount="0" type="cond" truecount="0"/>
            <line num="81" count="0" type="stmt"/>
            <line num="85" count="0" type="stmt"/>
            <line num="88" count="0" type="stmt"/>
            <line num="90" count="0" type="stmt"/>
            <line num="94" count="0" type="stmt"/>
            <line num="96" count="0" type="stmt"/>
            <line num="103" count="0" complexity="1" type="method" signature="onFlushDirty(Object,Serializable,Object[],Object[],String[],Type[]) : boolean"/>
            <line num="107" count="0" type="stmt"/>
            <line num="115" count="0" complexity="1" type="method" signature="onSave(Object,Serializable,Object[],String[],Type[]) : boolean"/>
            <line num="119" count="0" type="stmt"/>
            <line num="145" count="0" complexity="10" type="method" signature="setPPodVersionInfoIfAppropriate(Object,String[],Object[]) : boolean"/>
            <line num="147" count="0" type="stmt"/>
            <line num="148" count="0" type="stmt"/>
            <line num="148" falsecount="0" type="cond" truecount="0"/>
            <line num="149" count="0" type="stmt"/>
            <line num="150" count="0" type="stmt"/>
            <line num="150" falsecount="0" type="cond" truecount="0"/>
            <line num="151" count="0" type="stmt"/>
            <line num="151" falsecount="0" type="cond" truecount="0"/>
            <line num="157" count="0" type="stmt"/>
            <line num="159" count="0" type="stmt"/>
            <line num="163" count="0" type="stmt"/>
            <line num="163" falsecount="0" type="cond" truecount="0"/>
            <line num="164" count="0" type="stmt"/>
            <line num="164" falsecount="0" type="cond" truecount="0"/>
            <line num="165" count="0" type="stmt"/>
            <line num="165" falsecount="0" type="cond" truecount="0"/>
            <line num="166" count="0" type="stmt"/>
            <line num="168" count="0" type="stmt"/>
            <line num="168" falsecount="0" type="cond" truecount="0"/>
            <line num="169" count="0" type="stmt"/>
            <line num="169" falsecount="0" type="cond" truecount="0"/>
            <line num="170" count="0" type="stmt"/>
            <line num="174" count="0" type="stmt"/>
            <line num="177" count="0" type="stmt"/>
            <line num="181" count="0" type="stmt"/>
            <line num="190" count="0" complexity="1" type="method" signature="setSessionFactory(SessionFactory) : PPodVersionInfoInterceptor"/>
            <line num="192" count="0" type="stmt"/>
            <line num="193" count="0" type="stmt"/>
         </file>
         <file name="PersistentObject.java" path="/home/tomcat/hudson/jobs/pPOD-0.2-SNAPSHOT-CheckIn/workspace/trunk/cdm/src/main/java/edu/upenn/cis/ppod/model/PersistentObject.java">
            <metrics classes="1" methods="4" conditionals="0" ncloc="36" coveredstatements="4" coveredmethods="2" complexity="4" coveredconditionals="0" statements="6" loc="76" coveredelements="6" elements="10"/>
            <class name="PersistentObject">
               <metrics methods="4" conditionals="0" coveredstatements="4" coveredmethods="2" complexity="4" coveredconditionals="0" statements="6" coveredelements="6" elements="10"/>
            </class>
            <line num="48" count="1" complexity="1" type="method" signature="PersistentObject()"/>
            <line num="50" count="0" complexity="1" type="method" signature="accept(IVisitor) : PersistentObject"/>
            <line num="51" count="0" type="stmt"/>
            <line num="54" count="0" complexity="1" type="method" signature="getId() : Long"/>
            <line num="55" count="0" type="stmt"/>
            <line num="64" count="1" complexity="1" type="method" signature="toString() : String"/>
            <line num="66" count="1" type="stmt"/>
            <line num="68" count="1" type="stmt"/>
            <line num="70" count="1" type="stmt"/>
            <line num="74" count="1" type="stmt"/>
         </file>
         <file name="PersistentObjectWXmlId.java" path="/home/tomcat/hudson/jobs/pPOD-0.2-SNAPSHOT-CheckIn/workspace/trunk/cdm/src/main/java/edu/upenn/cis/ppod/model/PersistentObjectWXmlId.java">
            <metrics classes="1" methods="0" conditionals="0" ncloc="10" coveredstatements="0" coveredmethods="0" complexity="0" coveredconditionals="0" statements="0" loc="43" coveredelements="0" elements="0"/>
            <class name="PersistentObjectWXmlId">
[...]
            <line num="99" count="1" type="stmt"/>
            <line num="101" falsecount="1" type="cond" truecount="1"/>
            <line num="103" count="1" type="stmt"/>
            <line num="115" count="1" complexity="7" type="method" signature="assertEqualsCharacterStateMatrices(CharacterStateMatrix,CharacterStateMatrix) : void"/>
            <line num="118" count="1" type="stmt"/>
            <line num="119" count="1" type="stmt"/>
            <line num="122" count="1" type="stmt"/>
            <line num="123" count="1" type="stmt"/>
            <line num="125" count="1" type="stmt"/>
            <line num="127" falsecount="1" type="cond" truecount="1"/>
            <line num="128" count="1" type="stmt"/>
            <line num="135" count="1" type="stmt"/>
            <line num="137" count="1" type="stmt"/>
            <line num="139" count="1" type="stmt"/>
            <line num="142" count="1" type="stmt"/>
            <line num="144" count="1" type="stmt"/>
            <line num="146" falsecount="1" type="cond" truecount="1"/>
            <line num="148" count="1" type="stmt"/>
            <line num="149" count="1" type="stmt"/>
            <line num="150" count="1" type="stmt"/>
            <line num="151" count="1" type="stmt"/>
            <line num="152" count="1" type="stmt"/>
            <line num="159" count="1" type="stmt"/>
            <line num="162" count="1" type="stmt"/>
            <line num="164" count="1" type="stmt"/>
            <line num="168" count="1" type="stmt"/>
            <line num="171" count="1" type="stmt"/>
            <line num="173" falsecount="1" type="cond" truecount="1"/>
            <line num="175" count="1" type="stmt"/>
            <line num="199" count="0" complexity="1" type="method" signature="PPodAssert()"/>
            <line num="200" count="0" type="stmt"/>
         </file>
      </package>
      <package name="edu.upenn.cis.ppod.util">
         <metrics conditionals="2" methods="11" classes="4" files="4" coveredstatements="13" complexity="17" loc="290" ncloc="134" coveredmethods="6" coveredconditionals="0" statements="38" coveredelements="19" elements="51"/>
         <file name="CreateDataSet.java" path="/home/tomcat/hudson/jobs/pPOD-0.2-SNAPSHOT-CheckIn/workspace/trunk/cdm/src/test/java/edu/upenn/cis/ppod/util/CreateDataSet.java">
            <metrics classes="1" methods="1" conditionals="0" ncloc="26" coveredstatements="0" coveredmethods="0" complexity="1" coveredconditionals="0" statements="7" loc="52" coveredelements="0" elements="8"/>
            <class name="CreateDataSet">
               <metrics methods="1" conditionals="0" coveredstatements="0" coveredmethods="0" complexity="1" coveredconditionals="0" statements="7" coveredelements="0" elements="8"/>
            </class>
            <line num="36" count="0" complexity="1" type="method" signature="main(String[]) : void"/>
            <line num="37" count="0" type="stmt"/>
            <line num="40" count="0" type="stmt"/>
            <line num="41" count="0" type="stmt"/>
            <line num="45" count="0" type="stmt"/>
            <line num="46" count="0" type="stmt"/>
            <line num="48" count="0" type="stmt"/>
            <line num="50" count="0" type="stmt"/>
         </file>
         <file name="DbUnitUtil.java" path="/home/tomcat/hudson/jobs/pPOD-0.2-SNAPSHOT-CheckIn/workspace/trunk/cdm/src/test/java/edu/upenn/cis/ppod/util/DbUnitUtil.java">
            <metrics classes="1" methods="6" conditionals="2" ncloc="68" coveredstatements="5" coveredmethods="2" complexity="12" coveredconditionals="0" statements="23" loc="142" coveredelements="7" elements="31"/>
            <class name="DbUnitUtil">
               <metrics methods="6" conditionals="2" coveredstatements="5" coveredmethods="2" complexity="12" coveredconditionals="0" statements="23" coveredelements="7" elements="31"/>
            </class>
            <line num="45" count="0" complexity="1" type="method" signature="DbUnitUtil()"/>
            <line num="52" count="0" complexity="1" type="method" signature="getConnection() : IDatabaseConnection"/>
            <line num="53" count="0" type="stmt"/>
            <line num="67" count="0" complexity="5" type="method" signature="getConnection(IDataTypeFactory) : IDatabaseConnection"/>
            <line num="69" count="0" type="stmt"/>
            <line num="73" count="0" type="stmt"/>
            <line num="74" count="0" type="stmt"/>
            <line num="76" count="0" type="stmt"/>
            <line num="78" count="0" type="stmt"/>
            <line num="79" count="0" type="stmt"/>
            <line num="80" count="0" type="stmt"/>
            <line num="85" count="0" type="stmt"/>
            <line num="88" count="0" type="stmt"/>
            <line num="89" count="0" type="stmt"/>
            <line num="90" count="0" type="stmt"/>
            <line num="90" falsecount="0" type="cond" truecount="0"/>
            <line num="91" count="0" type="stmt"/>
            <line num="95" count="0" type="stmt"/>
            <line num="98" count="0" type="stmt"/>
            <line num="102" count="1" complexity="1" type="method" signature="getDatabaseTester() : IDatabaseTester"/>
            <line num="103" count="1" type="stmt"/>
            <line num="125" count="1" complexity="3" type="method" signature="getDataSet(String) : IDataSet"/>
            <line num="126" count="1" type="stmt"/>
            <line num="127" count="1" type="stmt"/>
            <line num="128" count="1" type="stmt"/>
            <line num="131" count="0" type="stmt"/>
            <line num="133" count="0" type="stmt"/>
            <line num="135" count="1" type="stmt"/>
            <line num="138" count="0" complexity="1" type="method" signature="getDialect() : String"/>
            <line num="139" count="0" type="stmt"/>
         </file>
         <file name="GuiceObjectFactory.java" path="/home/tomcat/hudson/jobs/pPOD-0.2-SNAPSHOT-CheckIn/workspace/trunk/cdm/src/test/java/edu/upenn/cis/ppod/util/GuiceObjectFactory.java">
            <metrics classes="1" methods="3" conditionals="0" ncloc="23" coveredstatements="5" coveredmethods="3" complexity="3" coveredconditionals="0" statements="5" loc="50" coveredelements="8" elements="8"/>
            <class name="GuiceObjectFactory">
               <metrics methods="3" conditionals="0" coveredstatements="5" coveredmethods="3" complexity="3" coveredconditionals="0" statements="5" coveredelements="8" elements="8"/>
            </class>
            <line num="35" count="1" complexity="1" type="method" signature="setInjector(Injector) : GuiceObjectFactory"/>
            <line num="36" count="1" type="stmt"/>
            <line num="37" count="1" type="stmt"/>
            <line num="40" count="1" complexity="1" type="method" signature="GuiceObjectFactory()"/>
            <line num="44" count="1" complexity="1" type="method" signature="newInstance(Constructor,Object) : Object"/>
            <line num="46" count="1" type="stmt"/>
            <line num="47" count="1" type="stmt"/>
            <line num="48" count="1" type="stmt"/>
         </file>
         <file name="MatrixProvider.java" path="/home/tomcat/hudson/jobs/pPOD-0.2-SNAPSHOT-CheckIn/workspace/trunk/cdm/src/test/java/edu/upenn/cis/ppod/util/MatrixProvider.java">
            <metrics classes="1" methods="1" conditionals="0" ncloc="17" coveredstatements="3" coveredmethods="1" complexity="1" coveredconditionals="0" statements="3" loc="46" coveredelements="4" elements="4"/>
            <class name="MatrixProvider">
               <metrics methods="1" conditionals="0" coveredstatements="3" coveredmethods="1" complexity="1" coveredconditionals="0" statements="3" coveredelements="4" elements="4"/>
            </class>
            <line num="38" count="1" complexity="1" type="method" signature="createMatrix() : Object[][]"/>
            <line num="40" count="1" type="stmt"/>
            <line num="41" count="1" type="stmt"/>
            <line num="43" count="1" type="stmt"/>
         </file>
      </package>
      <package name="edu.upenn.cis.ppod.saveorupdate">
         <metrics conditionals="0" methods="2" classes="2" files="2" coveredstatements="11" complexity="3" loc="116" ncloc="56" coveredmethods="2" coveredconditionals="0" statements="12" coveredelements="13" elements="14"/>
         <file name="SaveOrUpdateMatrixTest.java" path="/home/tomcat/hudson/jobs/pPOD-0.2-SNAPSHOT-CheckIn/workspace/trunk/cdm/src/test/java/edu/upenn/cis/ppod/saveorupdate/SaveOrUpdateMatrixTest.java">
            <metrics classes="1" methods="1" conditionals="0" ncloc="48" coveredstatements="10" coveredmethods="1" complexity="2" coveredconditionals="0" statements="11" loc="82" coveredelements="11" elements="12"/>
            <class name="SaveOrUpdateMatrixTest">
               <metrics methods="1" conditionals="0" coveredstatements="10" coveredmethods="1" complexity="2" coveredconditionals="0" statements="11" coveredelements="11" elements="12"/>
            </class>
            <line num="60" count="1" complexity="2" type="method" signature="save(CharacterStateMatrix) : void"/>
            <line num="62" count="1" type="stmt"/>
            <line num="64" count="1" type="stmt"/>
            <line num="65" count="1" type="stmt"/>
            <line num="66" count="1" type="stmt"/>
            <line num="67" count="1" type="stmt"/>
            <line num="69" count="1" type="stmt"/>
            <line num="72" count="1" type="stmt"/>
            <line num="74" count="1" type="stmt"/>
            <line num="75" count="1" type="stmt"/>
            <line num="77" count="0" type="stmt"/>
            <line num="80" count="1" type="stmt"/>
         </file>
         <file name="TestSaveOrUpdateAttachment.java" path="/home/tomcat/hudson/jobs/pPOD-0.2-SNAPSHOT-CheckIn/workspace/trunk/cdm/src/test/java/edu/upenn/cis/ppod/saveorupdate/TestSaveOrUpdateAttachment.java">
            <metrics classes="1" methods="1" conditionals="0" ncloc="8" coveredstatements="1" coveredmethods="1" complexity="1" coveredconditionals="0" statements="1" loc="34" coveredelements="2" elements="2"/>
            <class name="TestSaveOrUpdateAttachment">
               <metrics methods="1" conditionals="0" coveredstatements="1" coveredmethods="1" complexity="1" coveredconditionals="0" statements="1" coveredelements="2" elements="2"/>
            </class>
            <line num="30" count="1" complexity="1" type="method" signature="saveOrUpdate(Attachment,Attachment) : Attachment"/>
            <line num="32" count="1" type="stmt"/>
         </file>
      </package>
      <package name="edu.upenn.cis.ppod.services">
         <metrics conditionals="0" methods="1" classes="1" files="1" coveredstatements="0" complexity="1" loc="29" ncloc="20" coveredmethods="0" coveredconditionals="0" statements="4" coveredelements="0" elements="5"/>
         <file name="PPodEntitiesResourceTest.java" path="/home/tomcat/hudson/jobs/pPOD-0.2-SNAPSHOT-CheckIn/workspace/trunk/cdm/src/test/java/edu/upenn/cis/ppod/services/PPodEntitiesResourceTest.java">
            <metrics classes="1" methods="1" conditionals="0" ncloc="20" coveredstatements="0" coveredmethods="0" complexity="1" coveredconditionals="0" statements="4" loc="29" coveredelements="0" elements="5"/>
            <class name="PPodEntitiesResourceTest">
               <metrics methods="1" conditionals="0" coveredstatements="0" coveredmethods="0" complexity="1" coveredconditionals="0" statements="4" coveredelements="0" elements="5"/>
            </class>
            <line num="21" count="0" complexity="1" type="method" signature="getEntitiesByHqlQuery() : void"/>
            <line num="22" count="0" type="stmt"/>
            <line num="24" count="0" type="stmt"/>
            <line num="26" count="0" type="stmt"/>
            <line num="27" count="0" type="stmt"/>
         </file>
      </package>
      <package name="edu.upenn.cis.ppod.dao">
         <metrics conditionals="0" methods="19" classes="3" files="1" coveredstatements="0" complexity="21" loc="208" ncloc="78" coveredmethods="0" coveredconditionals="0" statements="27" coveredelements="0" elements="46"/>
         <file name="DAOFactoriesTest.java" path="/home/tomcat/hudson/jobs/pPOD-0.2-SNAPSHOT-CheckIn/workspace/trunk/cdm/src/test/java/edu/upenn/cis/ppod/dao/DAOFactoriesTest.java">
            <metrics classes="3" methods="19" conditionals="0" ncloc="78" coveredstatements="0" coveredmethods="0" complexity="21" coveredconditionals="0" statements="27" loc="208" coveredelements="0" elements="46"/>
            <class name="DAOFactoriesTest">
               <metrics methods="1" conditionals="0" coveredstatements="0" coveredmethods="0" complexity="2" coveredconditionals="0" statements="6" coveredelements="0" elements="7"/>
            </class>
            <class name="DAOFactoriesTest.Factory">
               <metrics methods="16" conditionals="0" coveredstatements="0" coveredmethods="0" complexity="16" coveredconditionals="0" statements="16" coveredelements="0" elements="32"/>
            </class>
            <class name="AClass">
               <metrics methods="2" conditionals="0" coveredstatements="0" coveredmethods="0" complexity="3" coveredconditionals="0" statements="5" coveredelements="0" elements="7"/>
            </class>
            <line num="33" count="0" complexity="1" type="method" signature="geCharStateMatrixDAO() : ICharacterStateMatrixDAO"/>
            <line num="35" count="0" type="stmt"/>
            <line num="43" count="0" complexity="1" type="method" signature="getOTUDAO() : IOTUDAO"/>
            <line num="45" count="0" type="stmt"/>
            <line num="53" count="0" complexity="1" type="method" signature="getOTUSetDAO() : IOTUSetDAO"/>
            <line num="55" count="0" type="stmt"/>
            <line num="63" count="0" complexity="1" type="method" signature="getPPodVersionInfoDAO() : IPPodVersionInfoDAO"/>
            <line num="65" count="0" type="stmt"/>
            <line num="73" count="0" complexity="1" type="method" signature="getCharacterDAO() : ICharacterDAO"/>
            <line num="75" count="0" type="stmt"/>
            <line num="83" count="0" complexity="1" type="method" signature="getCharacterStateDAO() : ICharacterStateDAO"/>
            <line num="85" count="0" type="stmt"/>
            <line num="93" count="0" complexity="1" type="method" signature="getCharacterStateRowDAO() : ICharacterStateRowDAO"/>
            <line num="95" count="0" type="stmt"/>
            <line num="103" count="0" complexity="1" type="method" signature="getStudyDAO() : IStudyDAO"/>
            <line num="105" count="0" type="stmt"/>
            <line num="113" count="0" complexity="1" type="method" signature="getTreeDAO() : ITreeDAO"/>
            <line num="115" count="0" type="stmt"/>
            <line num="123" count="0" complexity="1" type="method" signature="getTreeSetDAO() : ITreeSetDAO"/>
            <line num="125" count="0" type="stmt"/>
            <line num="133" count="0" complexity="1" type="method" signature="getAttachmentDAO() : IAttachmentDAO"/>
            <line num="135" count="0" type="stmt"/>
            <line num="141" count="0" complexity="1" type="method" signature="getAttachmentTypeDAO() : IAttachmentTypeDAO"/>
            <line num="143" count="0" type="stmt"/>
            <line num="149" count="0" complexity="1" type="method" signature="getAttachmentNamespaceDAO() : IAttachmentNamespaceDAO"/>
            <line num="151" count="0" type="stmt"/>
            <line num="157" count="0" complexity="1" type="method" signature="getPPodUserDAO() : IUserDAO"/>
            <line num="159" count="0" type="stmt"/>
            <line num="165" count="0" complexity="1" type="method" signature="getPPodGroupDAO() : IPPodGroupDAO"/>
            <line num="167" count="0" type="stmt"/>
            <line num="173" count="0" complexity="1" type="method" signature="getPPodRoleDAO() : IPPodRoleDAO"/>
            <line num="175" count="0" type="stmt"/>
            <line num="180" count="0" complexity="2" type="method" signature="test() : void"/>
            <line num="182" count="0" type="stmt"/>
            <line num="183" count="0" type="stmt"/>
            <line num="184" count="0" type="stmt"/>
            <line num="185" count="0" type="stmt"/>
            <line num="187" count="0" type="stmt"/>
            <line num="189" count="0" type="stmt"/>
            <line num="195" count="0" complexity="2" type="method" signature="&lt;clinit&gt;, line 195()"/>
            <line num="196" count="0" type="stmt"/>
            <line num="197" count="0" type="stmt"/>
            <line num="198" count="0" type="stmt"/>
            <line num="200" count="0" type="stmt"/>
            <line num="204" count="0" complexity="1" type="method" signature="meth() : void"/>
            <line num="205" count="0" type="stmt"/>
         </file>
      </package>
      <package name="edu.upenn.cis.ppod">
         <metrics conditionals="0" methods="5" classes="3" files="3" coveredstatements="5" complexity="5" loc="157" ncloc="53" coveredmethods="4" coveredconditionals="0" statements="6" coveredelements="9" elements="11"/>
         <file name="FactorySetup.java" path="/home/tomcat/hudson/jobs/pPOD-0.2-SNAPSHOT-CheckIn/workspace/trunk/cdm/src/test/java/edu/upenn/cis/ppod/FactorySetup.java">
            <metrics classes="1" methods="2" conditionals="0" ncloc="12" coveredstatements="1" coveredmethods="2" complexity="2" coveredconditionals="0" statements="1" loc="42" coveredelements="3" elements="3"/>
            <class name="FactorySetup">
               <metrics methods="2" conditionals="0" coveredstatements="1" coveredmethods="2" complexity="2" coveredconditionals="0" statements="1" coveredelements="3" elements="3"/>
            </class>
            <line num="36" count="1" complexity="1" type="method" signature="succeed() : void"/>
            <line num="38" count="1" complexity="1" type="method" signature="createFactory() : IObjectFactory"/>
            <line num="40" count="1" type="stmt"/>
         </file>
         <file name="PPodObjectFactory.java" path="/home/tomcat/hudson/jobs/pPOD-0.2-SNAPSHOT-CheckIn/workspace/trunk/cdm/src/test/java/edu/upenn/cis/ppod/PPodObjectFactory.java">
            <metrics classes="1" methods="2" conditionals="0" ncloc="30" coveredstatements="4" coveredmethods="2" complexity="2" coveredconditionals="0" statements="4" loc="54" coveredelements="6" elements="6"/>
            <class name="PPodObjectFactory">
               <metrics methods="2" conditionals="0" coveredstatements="4" coveredmethods="2" complexity="2" coveredconditionals="0" statements="4" coveredelements="6" elements="6"/>
            </class>
            <line num="36" count="1" complexity="1" type="method" signature="PPodObjectFactory()"/>
            <line num="37" count="1" type="stmt"/>
            <line num="41" count="1" complexity="1" type="method" signature="configure() : void"/>
            <line num="43" count="1" type="stmt"/>
            <line num="46" count="1" type="stmt"/>
            <line num="51" count="1" type="stmt"/>
         </file>
         <file name="TestGroupDefs.java" path="/home/tomcat/hudson/jobs/pPOD-0.2-SNAPSHOT-CheckIn/workspace/trunk/cdm/src/test/java/edu/upenn/cis/ppod/TestGroupDefs.java">
            <metrics classes="1" methods="1" conditionals="0" ncloc="11" coveredstatements="0" coveredmethods="0" complexity="1" coveredconditionals="0" statements="1" loc="61" coveredelements="0" elements="2"/>
            <class name="TestGroupDefs">
               <metrics methods="1" conditionals="0" coveredstatements="0" coveredmethods="0" complexity="1" coveredconditionals="0" statements="1" coveredelements="0" elements="2"/>
            </class>
            <line num="58" count="0" complexity="1" type="method" signature="TestGroupDefs()"/>
            <line num="59" count="0" type="stmt"/>
         </file>
      </package>
   </testproject>
</coverage>